[0.092s] DEBUG:colcon:Command line arguments: ['/usr/bin/colcon', 'build', '--symlink-install']
[0.092s] DEBUG:colcon:Parsed command line arguments: Namespace(log_base=None, log_level=None, verb_name='build', build_base='build', install_base='install', merge_install=False, symlink_install=True, test_result_base=None, continue_on_error=False, executor='parallel', parallel_workers=8, event_handlers=None, ignore_user_meta=False, metas=['./colcon.meta'], base_paths=['.'], packages_ignore=None, packages_ignore_regex=None, paths=None, packages_up_to=None, packages_up_to_regex=None, packages_above=None, packages_above_and_dependencies=None, packages_above_depth=None, packages_select_by_dep=None, packages_skip_by_dep=None, packages_skip_up_to=None, packages_select_build_failed=False, packages_skip_build_finished=False, packages_select_test_failures=False, packages_skip_test_passed=False, packages_select=None, packages_skip=None, packages_select_regex=None, packages_skip_regex=None, packages_start=None, packages_end=None, allow_overriding=[], cmake_args=None, cmake_target=None, cmake_target_skip_unavailable=False, cmake_clean_cache=False, cmake_clean_first=False, cmake_force_configure=False, ament_cmake_args=None, catkin_cmake_args=None, catkin_skip_building_tests=False, verb_parser=<colcon_defaults.argument_parser.defaults.DefaultArgumentsDecorator object at 0x70642c26a8d0>, verb_extension=<colcon_core.verb.build.BuildVerb object at 0x70642c26a660>, main=<bound method BuildVerb.main of <colcon_core.verb.build.BuildVerb object at 0x70642c26a660>>)
[0.124s] Level 1:colcon.colcon_core.package_discovery:discover_packages(colcon_meta) check parameters
[0.124s] Level 1:colcon.colcon_core.package_discovery:discover_packages(recursive) check parameters
[0.124s] Level 1:colcon.colcon_core.package_discovery:discover_packages(ignore) check parameters
[0.124s] Level 1:colcon.colcon_core.package_discovery:discover_packages(path) check parameters
[0.124s] Level 1:colcon.colcon_core.package_discovery:discover_packages(colcon_meta) discover
[0.124s] Level 1:colcon.colcon_core.package_discovery:discover_packages(recursive) discover
[0.124s] INFO:colcon.colcon_core.package_discovery:Crawling recursively for packages in '/home/seojun/바탕화면/ros2_ws'
[0.124s] Level 1:colcon.colcon_core.package_identification:_identify(.) by extensions ['ignore', 'ignore_ament_install']
[0.124s] Level 1:colcon.colcon_core.package_identification:_identify(.) by extension 'ignore'
[0.124s] Level 1:colcon.colcon_core.package_identification:_identify(.) by extension 'ignore_ament_install'
[0.124s] Level 1:colcon.colcon_core.package_identification:_identify(.) by extensions ['colcon_pkg']
[0.124s] Level 1:colcon.colcon_core.package_identification:_identify(.) by extension 'colcon_pkg'
[0.124s] Level 1:colcon.colcon_core.package_identification:_identify(.) by extensions ['colcon_meta']
[0.124s] Level 1:colcon.colcon_core.package_identification:_identify(.) by extension 'colcon_meta'
[0.124s] Level 1:colcon.colcon_core.package_identification:_identify(.) by extensions ['ros']
[0.125s] Level 1:colcon.colcon_core.package_identification:_identify(.) by extension 'ros'
[0.145s] Level 1:colcon.colcon_core.package_identification:_identify(.) by extensions ['cmake', 'python']
[0.145s] Level 1:colcon.colcon_core.package_identification:_identify(.) by extension 'cmake'
[0.146s] Level 1:colcon.colcon_core.package_identification:_identify(.) by extension 'python'
[0.146s] Level 1:colcon.colcon_core.package_identification:_identify(.) by extensions ['python_setup_py']
[0.146s] Level 1:colcon.colcon_core.package_identification:_identify(.) by extension 'python_setup_py'
[0.146s] Level 1:colcon.colcon_core.package_identification:_identify(build) by extensions ['ignore', 'ignore_ament_install']
[0.146s] Level 1:colcon.colcon_core.package_identification:_identify(build) by extension 'ignore'
[0.146s] Level 1:colcon.colcon_core.package_identification:_identify(build) ignored
[0.146s] Level 1:colcon.colcon_core.package_identification:_identify(install) by extensions ['ignore', 'ignore_ament_install']
[0.146s] Level 1:colcon.colcon_core.package_identification:_identify(install) by extension 'ignore'
[0.146s] Level 1:colcon.colcon_core.package_identification:_identify(install) ignored
[0.146s] Level 1:colcon.colcon_core.package_identification:_identify(log) by extensions ['ignore', 'ignore_ament_install']
[0.146s] Level 1:colcon.colcon_core.package_identification:_identify(log) by extension 'ignore'
[0.146s] Level 1:colcon.colcon_core.package_identification:_identify(log) ignored
[0.146s] Level 1:colcon.colcon_core.package_identification:_identify(src) by extensions ['ignore', 'ignore_ament_install']
[0.146s] Level 1:colcon.colcon_core.package_identification:_identify(src) by extension 'ignore'
[0.146s] Level 1:colcon.colcon_core.package_identification:_identify(src) by extension 'ignore_ament_install'
[0.146s] Level 1:colcon.colcon_core.package_identification:_identify(src) by extensions ['colcon_pkg']
[0.147s] Level 1:colcon.colcon_core.package_identification:_identify(src) by extension 'colcon_pkg'
[0.147s] Level 1:colcon.colcon_core.package_identification:_identify(src) by extensions ['colcon_meta']
[0.147s] Level 1:colcon.colcon_core.package_identification:_identify(src) by extension 'colcon_meta'
[0.147s] Level 1:colcon.colcon_core.package_identification:_identify(src) by extensions ['ros']
[0.147s] Level 1:colcon.colcon_core.package_identification:_identify(src) by extension 'ros'
[0.147s] Level 1:colcon.colcon_core.package_identification:_identify(src) by extensions ['cmake', 'python']
[0.147s] Level 1:colcon.colcon_core.package_identification:_identify(src) by extension 'cmake'
[0.147s] Level 1:colcon.colcon_core.package_identification:_identify(src) by extension 'python'
[0.147s] Level 1:colcon.colcon_core.package_identification:_identify(src) by extensions ['python_setup_py']
[0.147s] Level 1:colcon.colcon_core.package_identification:_identify(src) by extension 'python_setup_py'
[0.147s] Level 1:colcon.colcon_core.package_identification:_identify(src/racing_car_pkg) by extensions ['ignore', 'ignore_ament_install']
[0.147s] Level 1:colcon.colcon_core.package_identification:_identify(src/racing_car_pkg) by extension 'ignore'
[0.147s] Level 1:colcon.colcon_core.package_identification:_identify(src/racing_car_pkg) by extension 'ignore_ament_install'
[0.147s] Level 1:colcon.colcon_core.package_identification:_identify(src/racing_car_pkg) by extensions ['colcon_pkg']
[0.147s] Level 1:colcon.colcon_core.package_identification:_identify(src/racing_car_pkg) by extension 'colcon_pkg'
[0.147s] Level 1:colcon.colcon_core.package_identification:_identify(src/racing_car_pkg) by extensions ['colcon_meta']
[0.147s] Level 1:colcon.colcon_core.package_identification:_identify(src/racing_car_pkg) by extension 'colcon_meta'
[0.147s] Level 1:colcon.colcon_core.package_identification:_identify(src/racing_car_pkg) by extensions ['ros']
[0.147s] Level 1:colcon.colcon_core.package_identification:_identify(src/racing_car_pkg) by extension 'ros'
[0.150s] DEBUG:colcon.colcon_core.package_identification:Package 'src/racing_car_pkg' with type 'ros.ament_python' and name 'racing_car_pkg'
[0.150s] Level 1:colcon.colcon_core.package_identification:_identify(src/racing_pkg) by extensions ['ignore', 'ignore_ament_install']
[0.150s] Level 1:colcon.colcon_core.package_identification:_identify(src/racing_pkg) by extension 'ignore'
[0.150s] Level 1:colcon.colcon_core.package_identification:_identify(src/racing_pkg) by extension 'ignore_ament_install'
[0.150s] Level 1:colcon.colcon_core.package_identification:_identify(src/racing_pkg) by extensions ['colcon_pkg']
[0.150s] Level 1:colcon.colcon_core.package_identification:_identify(src/racing_pkg) by extension 'colcon_pkg'
[0.150s] Level 1:colcon.colcon_core.package_identification:_identify(src/racing_pkg) by extensions ['colcon_meta']
[0.150s] Level 1:colcon.colcon_core.package_identification:_identify(src/racing_pkg) by extension 'colcon_meta'
[0.150s] Level 1:colcon.colcon_core.package_identification:_identify(src/racing_pkg) by extensions ['ros']
[0.150s] Level 1:colcon.colcon_core.package_identification:_identify(src/racing_pkg) by extension 'ros'
[0.151s] DEBUG:colcon.colcon_core.package_identification:Package 'src/racing_pkg' with type 'ros.ament_cmake' and name 'racing_pkg'
[0.151s] Level 1:colcon.colcon_core.package_discovery:discover_packages(recursive) using defaults
[0.151s] Level 1:colcon.colcon_core.package_discovery:discover_packages(ignore) discover
[0.151s] Level 1:colcon.colcon_core.package_discovery:discover_packages(ignore) using defaults
[0.151s] Level 1:colcon.colcon_core.package_discovery:discover_packages(path) discover
[0.151s] Level 1:colcon.colcon_core.package_discovery:discover_packages(path) using defaults
[0.166s] Level 1:colcon.colcon_core.package_discovery:discover_packages(prefix_path) check parameters
[0.166s] Level 1:colcon.colcon_core.package_discovery:discover_packages(prefix_path) discover
[0.167s] DEBUG:colcon.colcon_installed_package_information.package_discovery:Found 2 installed packages in /home/seojun/바탕화면/ros2_ws/install
[0.168s] DEBUG:colcon.colcon_installed_package_information.package_discovery:Found 319 installed packages in /opt/ros/jazzy
[0.169s] Level 1:colcon.colcon_core.package_discovery:discover_packages(prefix_path) using defaults
[0.198s] Level 5:colcon.colcon_core.verb:set package 'racing_car_pkg' build argument 'cmake_args' from command line to 'None'
[0.198s] Level 5:colcon.colcon_core.verb:set package 'racing_car_pkg' build argument 'cmake_target' from command line to 'None'
[0.198s] Level 5:colcon.colcon_core.verb:set package 'racing_car_pkg' build argument 'cmake_target_skip_unavailable' from command line to 'False'
[0.198s] Level 5:colcon.colcon_core.verb:set package 'racing_car_pkg' build argument 'cmake_clean_cache' from command line to 'False'
[0.198s] Level 5:colcon.colcon_core.verb:set package 'racing_car_pkg' build argument 'cmake_clean_first' from command line to 'False'
[0.198s] Level 5:colcon.colcon_core.verb:set package 'racing_car_pkg' build argument 'cmake_force_configure' from command line to 'False'
[0.198s] Level 5:colcon.colcon_core.verb:set package 'racing_car_pkg' build argument 'ament_cmake_args' from command line to 'None'
[0.198s] Level 5:colcon.colcon_core.verb:set package 'racing_car_pkg' build argument 'catkin_cmake_args' from command line to 'None'
[0.198s] Level 5:colcon.colcon_core.verb:set package 'racing_car_pkg' build argument 'catkin_skip_building_tests' from command line to 'False'
[0.198s] DEBUG:colcon.colcon_core.verb:Building package 'racing_car_pkg' with the following arguments: {'ament_cmake_args': None, 'build_base': '/home/seojun/바탕화면/ros2_ws/build/racing_car_pkg', 'catkin_cmake_args': None, 'catkin_skip_building_tests': False, 'cmake_args': None, 'cmake_clean_cache': False, 'cmake_clean_first': False, 'cmake_force_configure': False, 'cmake_target': None, 'cmake_target_skip_unavailable': False, 'install_base': '/home/seojun/바탕화면/ros2_ws/install/racing_car_pkg', 'merge_install': False, 'path': '/home/seojun/바탕화면/ros2_ws/src/racing_car_pkg', 'symlink_install': True, 'test_result_base': None}
[0.199s] Level 5:colcon.colcon_core.verb:set package 'racing_pkg' build argument 'cmake_args' from command line to 'None'
[0.199s] Level 5:colcon.colcon_core.verb:set package 'racing_pkg' build argument 'cmake_target' from command line to 'None'
[0.199s] Level 5:colcon.colcon_core.verb:set package 'racing_pkg' build argument 'cmake_target_skip_unavailable' from command line to 'False'
[0.199s] Level 5:colcon.colcon_core.verb:set package 'racing_pkg' build argument 'cmake_clean_cache' from command line to 'False'
[0.199s] Level 5:colcon.colcon_core.verb:set package 'racing_pkg' build argument 'cmake_clean_first' from command line to 'False'
[0.199s] Level 5:colcon.colcon_core.verb:set package 'racing_pkg' build argument 'cmake_force_configure' from command line to 'False'
[0.199s] Level 5:colcon.colcon_core.verb:set package 'racing_pkg' build argument 'ament_cmake_args' from command line to 'None'
[0.199s] Level 5:colcon.colcon_core.verb:set package 'racing_pkg' build argument 'catkin_cmake_args' from command line to 'None'
[0.199s] Level 5:colcon.colcon_core.verb:set package 'racing_pkg' build argument 'catkin_skip_building_tests' from command line to 'False'
[0.199s] DEBUG:colcon.colcon_core.verb:Building package 'racing_pkg' with the following arguments: {'ament_cmake_args': None, 'build_base': '/home/seojun/바탕화면/ros2_ws/build/racing_pkg', 'catkin_cmake_args': None, 'catkin_skip_building_tests': False, 'cmake_args': None, 'cmake_clean_cache': False, 'cmake_clean_first': False, 'cmake_force_configure': False, 'cmake_target': None, 'cmake_target_skip_unavailable': False, 'install_base': '/home/seojun/바탕화면/ros2_ws/install/racing_pkg', 'merge_install': False, 'path': '/home/seojun/바탕화면/ros2_ws/src/racing_pkg', 'symlink_install': True, 'test_result_base': None}
[0.199s] INFO:colcon.colcon_core.executor:Executing jobs using 'parallel' executor
[0.200s] DEBUG:colcon.colcon_parallel_executor.executor.parallel:run_until_complete
[0.200s] INFO:colcon.colcon_ros.task.ament_python.build:Building ROS package in '/home/seojun/바탕화면/ros2_ws/src/racing_car_pkg' with build type 'ament_python'
[0.200s] Level 1:colcon.colcon_core.shell:create_environment_hook('racing_car_pkg', 'ament_prefix_path')
[0.202s] INFO:colcon.colcon_core.plugin_system:Skipping extension 'colcon_core.shell.bat': Not used on non-Windows systems
[0.203s] INFO:colcon.colcon_core.shell:Creating environment hook '/home/seojun/바탕화면/ros2_ws/install/racing_car_pkg/share/racing_car_pkg/hook/ament_prefix_path.ps1'
[0.203s] INFO:colcon.colcon_core.shell:Creating environment descriptor '/home/seojun/바탕화면/ros2_ws/install/racing_car_pkg/share/racing_car_pkg/hook/ament_prefix_path.dsv'
[0.203s] INFO:colcon.colcon_core.shell:Creating environment hook '/home/seojun/바탕화면/ros2_ws/install/racing_car_pkg/share/racing_car_pkg/hook/ament_prefix_path.sh'
[0.204s] INFO:colcon.colcon_core.shell:Skip shell extension 'powershell' for command environment: Not usable outside of PowerShell
[0.204s] DEBUG:colcon.colcon_core.shell:Skip shell extension 'dsv' for command environment
[0.206s] INFO:colcon.colcon_ros.task.ament_cmake.build:Building ROS package in '/home/seojun/바탕화면/ros2_ws/src/racing_pkg' with build type 'ament_cmake'
[0.207s] INFO:colcon.colcon_cmake.task.cmake.build:Building CMake package in '/home/seojun/바탕화면/ros2_ws/src/racing_pkg'
[0.207s] INFO:colcon.colcon_core.shell:Skip shell extension 'powershell' for command environment: Not usable outside of PowerShell
[0.207s] DEBUG:colcon.colcon_core.shell:Skip shell extension 'dsv' for command environment
[0.393s] INFO:colcon.colcon_core.task.python.build:Building Python package in '/home/seojun/바탕화면/ros2_ws/src/racing_car_pkg'
[0.394s] INFO:colcon.colcon_core.shell:Skip shell extension 'powershell' for command environment: Not usable outside of PowerShell
[0.394s] DEBUG:colcon.colcon_core.shell:Skip shell extension 'dsv' for command environment
[0.401s] DEBUG:colcon.colcon_core.event_handler.log_command:Invoking command in '/home/seojun/바탕화면/ros2_ws/build/racing_pkg': CMAKE_PREFIX_PATH=${CMAKE_PREFIX_PATH}:/home/seojun/바탕화면/ros2_ws/install/racing_car_pkg:/opt/ros/jazzy DEBUGINFOD_URLS=https://debuginfod.ubuntu.com /usr/bin/cmake --build /home/seojun/바탕화면/ros2_ws/build/racing_pkg -- -j8 -l8
[0.853s] DEBUG:colcon.colcon_core.event_handler.log_command:Invoking command in '/home/seojun/바탕화면/ros2_ws/build/racing_car_pkg': DEBUGINFOD_URLS=https://debuginfod.ubuntu.com PYTHONPATH=/home/seojun/바탕화면/ros2_ws/build/racing_car_pkg/prefix_override:/usr/lib/python3/dist-packages/colcon_core/task/python/colcon_distutils_commands:/home/seojun/바탕화면/ros2_ws/install/racing_car_pkg/lib/python3.12/site-packages:${PYTHONPATH} /usr/bin/python3 -W ignore:setup.py install is deprecated -W ignore:easy_install command is deprecated setup.py develop --editable --build-directory /home/seojun/바탕화면/ros2_ws/build/racing_car_pkg/build --no-deps symlink_data
[1.324s] Level 1:colcon.colcon_core.shell:create_environment_hook('racing_car_pkg', 'pythonpath_develop')
[1.325s] INFO:colcon.colcon_core.shell:Creating environment hook '/home/seojun/바탕화면/ros2_ws/build/racing_car_pkg/share/racing_car_pkg/hook/pythonpath_develop.ps1'
[1.325s] DEBUG:colcon.colcon_core.event_handler.log_command:Invoked command in '/home/seojun/바탕화면/ros2_ws/build/racing_car_pkg' returned '0': DEBUGINFOD_URLS=https://debuginfod.ubuntu.com PYTHONPATH=/home/seojun/바탕화면/ros2_ws/build/racing_car_pkg/prefix_override:/usr/lib/python3/dist-packages/colcon_core/task/python/colcon_distutils_commands:/home/seojun/바탕화면/ros2_ws/install/racing_car_pkg/lib/python3.12/site-packages:${PYTHONPATH} /usr/bin/python3 -W ignore:setup.py install is deprecated -W ignore:easy_install command is deprecated setup.py develop --editable --build-directory /home/seojun/바탕화면/ros2_ws/build/racing_car_pkg/build --no-deps symlink_data
[1.326s] INFO:colcon.colcon_core.shell:Creating environment descriptor '/home/seojun/바탕화면/ros2_ws/build/racing_car_pkg/share/racing_car_pkg/hook/pythonpath_develop.dsv'
[1.326s] INFO:colcon.colcon_core.shell:Creating environment hook '/home/seojun/바탕화면/ros2_ws/build/racing_car_pkg/share/racing_car_pkg/hook/pythonpath_develop.sh'
[1.328s] Level 1:colcon.colcon_core.environment:checking '/home/seojun/바탕화면/ros2_ws/install/racing_car_pkg' for CMake module files
[1.328s] Level 1:colcon.colcon_core.environment:checking '/home/seojun/바탕화면/ros2_ws/install/racing_car_pkg' for CMake config files
[1.329s] Level 1:colcon.colcon_core.environment:checking '/home/seojun/바탕화면/ros2_ws/install/racing_car_pkg/lib'
[1.329s] Level 1:colcon.colcon_core.environment:checking '/home/seojun/바탕화면/ros2_ws/install/racing_car_pkg/bin'
[1.329s] Level 1:colcon.colcon_core.environment:checking '/home/seojun/바탕화면/ros2_ws/install/racing_car_pkg/lib/pkgconfig/racing_car_pkg.pc'
[1.329s] Level 1:colcon.colcon_core.environment:checking '/home/seojun/바탕화면/ros2_ws/install/racing_car_pkg/lib/python3.12/site-packages'
[1.330s] Level 1:colcon.colcon_core.shell:create_environment_hook('racing_car_pkg', 'pythonpath')
[1.330s] INFO:colcon.colcon_core.shell:Creating environment hook '/home/seojun/바탕화면/ros2_ws/install/racing_car_pkg/share/racing_car_pkg/hook/pythonpath.ps1'
[1.330s] INFO:colcon.colcon_core.shell:Creating environment descriptor '/home/seojun/바탕화면/ros2_ws/install/racing_car_pkg/share/racing_car_pkg/hook/pythonpath.dsv'
[1.330s] INFO:colcon.colcon_core.shell:Creating environment hook '/home/seojun/바탕화면/ros2_ws/install/racing_car_pkg/share/racing_car_pkg/hook/pythonpath.sh'
[1.331s] Level 1:colcon.colcon_core.environment:checking '/home/seojun/바탕화면/ros2_ws/install/racing_car_pkg/bin'
[1.331s] Level 1:colcon.colcon_core.environment:create_environment_scripts_only(racing_car_pkg)
[1.331s] INFO:colcon.colcon_core.shell:Creating package script '/home/seojun/바탕화면/ros2_ws/install/racing_car_pkg/share/racing_car_pkg/package.ps1'
[1.332s] INFO:colcon.colcon_core.shell:Creating package descriptor '/home/seojun/바탕화면/ros2_ws/install/racing_car_pkg/share/racing_car_pkg/package.dsv'
[1.332s] INFO:colcon.colcon_core.shell:Creating package script '/home/seojun/바탕화면/ros2_ws/install/racing_car_pkg/share/racing_car_pkg/package.sh'
[1.333s] INFO:colcon.colcon_core.shell:Creating package script '/home/seojun/바탕화면/ros2_ws/install/racing_car_pkg/share/racing_car_pkg/package.bash'
[1.333s] INFO:colcon.colcon_core.shell:Creating package script '/home/seojun/바탕화면/ros2_ws/install/racing_car_pkg/share/racing_car_pkg/package.zsh'
[1.334s] Level 1:colcon.colcon_core.environment:create_file_with_runtime_dependencies(/home/seojun/바탕화면/ros2_ws/install/racing_car_pkg/share/colcon-core/packages/racing_car_pkg)
[4.011s] DEBUG:colcon.colcon_core.event_handler.log_command:Invoked command in '/home/seojun/바탕화면/ros2_ws/build/racing_pkg' returned '0': CMAKE_PREFIX_PATH=${CMAKE_PREFIX_PATH}:/home/seojun/바탕화면/ros2_ws/install/racing_car_pkg:/opt/ros/jazzy DEBUGINFOD_URLS=https://debuginfod.ubuntu.com /usr/bin/cmake --build /home/seojun/바탕화면/ros2_ws/build/racing_pkg -- -j8 -l8
[4.027s] DEBUG:colcon.colcon_core.event_handler.log_command:Invoking command in '/home/seojun/바탕화면/ros2_ws/build/racing_pkg': CMAKE_PREFIX_PATH=${CMAKE_PREFIX_PATH}:/home/seojun/바탕화면/ros2_ws/install/racing_car_pkg:/opt/ros/jazzy DEBUGINFOD_URLS=https://debuginfod.ubuntu.com /usr/bin/cmake --install /home/seojun/바탕화면/ros2_ws/build/racing_pkg
[4.062s] Level 1:colcon.colcon_core.environment:create_environment_scripts_only(racing_pkg)
[4.062s] Level 1:colcon.colcon_core.environment:checking '/home/seojun/바탕화면/ros2_ws/install/racing_pkg' for CMake module files
[4.064s] DEBUG:colcon.colcon_core.event_handler.log_command:Invoked command in '/home/seojun/바탕화면/ros2_ws/build/racing_pkg' returned '0': CMAKE_PREFIX_PATH=${CMAKE_PREFIX_PATH}:/home/seojun/바탕화면/ros2_ws/install/racing_car_pkg:/opt/ros/jazzy DEBUGINFOD_URLS=https://debuginfod.ubuntu.com /usr/bin/cmake --install /home/seojun/바탕화면/ros2_ws/build/racing_pkg
[4.064s] Level 1:colcon.colcon_core.environment:checking '/home/seojun/바탕화면/ros2_ws/install/racing_pkg' for CMake config files
[4.065s] Level 1:colcon.colcon_core.shell:create_environment_hook('racing_pkg', 'cmake_prefix_path')
[4.065s] INFO:colcon.colcon_core.shell:Creating environment hook '/home/seojun/바탕화면/ros2_ws/install/racing_pkg/share/racing_pkg/hook/cmake_prefix_path.ps1'
[4.066s] INFO:colcon.colcon_core.shell:Creating environment descriptor '/home/seojun/바탕화면/ros2_ws/install/racing_pkg/share/racing_pkg/hook/cmake_prefix_path.dsv'
[4.067s] INFO:colcon.colcon_core.shell:Creating environment hook '/home/seojun/바탕화면/ros2_ws/install/racing_pkg/share/racing_pkg/hook/cmake_prefix_path.sh'
[4.068s] Level 1:colcon.colcon_core.environment:checking '/home/seojun/바탕화면/ros2_ws/install/racing_pkg/lib'
[4.068s] Level 1:colcon.colcon_core.environment:checking '/home/seojun/바탕화면/ros2_ws/install/racing_pkg/bin'
[4.068s] Level 1:colcon.colcon_core.environment:checking '/home/seojun/바탕화면/ros2_ws/install/racing_pkg/lib/pkgconfig/racing_pkg.pc'
[4.068s] Level 1:colcon.colcon_core.environment:checking '/home/seojun/바탕화면/ros2_ws/install/racing_pkg/lib/python3.12/site-packages'
[4.069s] Level 1:colcon.colcon_core.environment:checking '/home/seojun/바탕화면/ros2_ws/install/racing_pkg/bin'
[4.069s] INFO:colcon.colcon_core.shell:Creating package script '/home/seojun/바탕화면/ros2_ws/install/racing_pkg/share/racing_pkg/package.ps1'
[4.070s] INFO:colcon.colcon_core.shell:Creating package descriptor '/home/seojun/바탕화면/ros2_ws/install/racing_pkg/share/racing_pkg/package.dsv'
[4.070s] INFO:colcon.colcon_core.shell:Creating package script '/home/seojun/바탕화면/ros2_ws/install/racing_pkg/share/racing_pkg/package.sh'
[4.071s] INFO:colcon.colcon_core.shell:Creating package script '/home/seojun/바탕화면/ros2_ws/install/racing_pkg/share/racing_pkg/package.bash'
[4.071s] INFO:colcon.colcon_core.shell:Creating package script '/home/seojun/바탕화면/ros2_ws/install/racing_pkg/share/racing_pkg/package.zsh'
[4.072s] Level 1:colcon.colcon_core.environment:create_file_with_runtime_dependencies(/home/seojun/바탕화면/ros2_ws/install/racing_pkg/share/colcon-core/packages/racing_pkg)
[4.073s] Level 1:colcon.colcon_core.environment:create_environment_scripts_only(racing_pkg)
[4.073s] Level 1:colcon.colcon_core.environment:checking '/home/seojun/바탕화면/ros2_ws/install/racing_pkg' for CMake module files
[4.074s] Level 1:colcon.colcon_core.environment:checking '/home/seojun/바탕화면/ros2_ws/install/racing_pkg' for CMake config files
[4.074s] Level 1:colcon.colcon_core.shell:create_environment_hook('racing_pkg', 'cmake_prefix_path')
[4.074s] INFO:colcon.colcon_core.shell:Creating environment hook '/home/seojun/바탕화면/ros2_ws/install/racing_pkg/share/racing_pkg/hook/cmake_prefix_path.ps1'
[4.075s] INFO:colcon.colcon_core.shell:Creating environment descriptor '/home/seojun/바탕화면/ros2_ws/install/racing_pkg/share/racing_pkg/hook/cmake_prefix_path.dsv'
[4.075s] INFO:colcon.colcon_core.shell:Creating environment hook '/home/seojun/바탕화면/ros2_ws/install/racing_pkg/share/racing_pkg/hook/cmake_prefix_path.sh'
[4.076s] Level 1:colcon.colcon_core.environment:checking '/home/seojun/바탕화면/ros2_ws/install/racing_pkg/lib'
[4.076s] Level 1:colcon.colcon_core.environment:checking '/home/seojun/바탕화면/ros2_ws/install/racing_pkg/bin'
[4.076s] Level 1:colcon.colcon_core.environment:checking '/home/seojun/바탕화면/ros2_ws/install/racing_pkg/lib/pkgconfig/racing_pkg.pc'
[4.077s] Level 1:colcon.colcon_core.environment:checking '/home/seojun/바탕화면/ros2_ws/install/racing_pkg/lib/python3.12/site-packages'
[4.077s] Level 1:colcon.colcon_core.environment:checking '/home/seojun/바탕화면/ros2_ws/install/racing_pkg/bin'
[4.078s] INFO:colcon.colcon_core.shell:Creating package script '/home/seojun/바탕화면/ros2_ws/install/racing_pkg/share/racing_pkg/package.ps1'
[4.078s] INFO:colcon.colcon_core.shell:Creating package descriptor '/home/seojun/바탕화면/ros2_ws/install/racing_pkg/share/racing_pkg/package.dsv'
[4.079s] INFO:colcon.colcon_core.shell:Creating package script '/home/seojun/바탕화면/ros2_ws/install/racing_pkg/share/racing_pkg/package.sh'
[4.080s] INFO:colcon.colcon_core.shell:Creating package script '/home/seojun/바탕화면/ros2_ws/install/racing_pkg/share/racing_pkg/package.bash'
[4.080s] INFO:colcon.colcon_core.shell:Creating package script '/home/seojun/바탕화면/ros2_ws/install/racing_pkg/share/racing_pkg/package.zsh'
[4.080s] Level 1:colcon.colcon_core.environment:create_file_with_runtime_dependencies(/home/seojun/바탕화면/ros2_ws/install/racing_pkg/share/colcon-core/packages/racing_pkg)
[4.081s] DEBUG:colcon.colcon_parallel_executor.executor.parallel:closing loop
[4.082s] DEBUG:colcon.colcon_parallel_executor.executor.parallel:loop closed
[4.082s] DEBUG:colcon.colcon_parallel_executor.executor.parallel:run_until_complete finished with '0'
[4.082s] DEBUG:colcon.colcon_core.event_reactor:joining thread
[4.090s] INFO:colcon.colcon_core.plugin_system:Skipping extension 'colcon_notification.desktop_notification.terminal_notifier': Not used on non-Darwin systems
[4.090s] INFO:colcon.colcon_core.plugin_system:Skipping extension 'colcon_notification.desktop_notification.win32': Not used on non-Windows systems
[4.091s] INFO:colcon.colcon_notification.desktop_notification:Sending desktop notification using 'notify2'
[4.109s] DEBUG:colcon.colcon_core.event_reactor:joined thread
[4.109s] INFO:colcon.colcon_core.shell:Creating prefix script '/home/seojun/바탕화면/ros2_ws/install/local_setup.ps1'
[4.110s] INFO:colcon.colcon_core.shell:Creating prefix util module '/home/seojun/바탕화면/ros2_ws/install/_local_setup_util_ps1.py'
[4.112s] INFO:colcon.colcon_core.shell:Creating prefix chain script '/home/seojun/바탕화면/ros2_ws/install/setup.ps1'
[4.113s] INFO:colcon.colcon_core.shell:Creating prefix script '/home/seojun/바탕화면/ros2_ws/install/local_setup.sh'
[4.113s] INFO:colcon.colcon_core.shell:Creating prefix util module '/home/seojun/바탕화면/ros2_ws/install/_local_setup_util_sh.py'
[4.114s] INFO:colcon.colcon_core.shell:Creating prefix chain script '/home/seojun/바탕화면/ros2_ws/install/setup.sh'
[4.115s] INFO:colcon.colcon_core.shell:Creating prefix script '/home/seojun/바탕화면/ros2_ws/install/local_setup.bash'
[4.115s] INFO:colcon.colcon_core.shell:Creating prefix chain script '/home/seojun/바탕화면/ros2_ws/install/setup.bash'
[4.116s] INFO:colcon.colcon_core.shell:Creating prefix script '/home/seojun/바탕화면/ros2_ws/install/local_setup.zsh'
[4.116s] INFO:colcon.colcon_core.shell:Creating prefix chain script '/home/seojun/바탕화면/ros2_ws/install/setup.zsh'
