[0.194s] Invoking command in '/home/seojun/바탕화면/ros2_ws/build/racing_pkg': CMAKE_PREFIX_PATH=${CMAKE_PREFIX_PATH}:/home/seojun/바탕화면/ros2_ws/install/racing_car_pkg:/opt/ros/jazzy DEBUGINFOD_URLS=https://debuginfod.ubuntu.com /usr/bin/cmake --build /home/seojun/바탕화면/ros2_ws/build/racing_pkg -- -j8 -l8
[0.259s] [ 75%] [32mBuilding CXX object CMakeFiles/car_node.dir/src/car_node.cpp.o[0m
[0.259s] [ 75%] Built target track_publisher
[3.558s] [100%] [32m[1mLinking CXX executable car_node[0m
[3.782s] [100%] Built target car_node
[3.804s] Invoked command in '/home/seojun/바탕화면/ros2_ws/build/racing_pkg' returned '0': CMAKE_PREFIX_PATH=${CMAKE_PREFIX_PATH}:/home/seojun/바탕화면/ros2_ws/install/racing_car_pkg:/opt/ros/jazzy DEBUGINFOD_URLS=https://debuginfod.ubuntu.com /usr/bin/cmake --build /home/seojun/바탕화면/ros2_ws/build/racing_pkg -- -j8 -l8
[3.820s] Invoking command in '/home/seojun/바탕화면/ros2_ws/build/racing_pkg': CMAKE_PREFIX_PATH=${CMAKE_PREFIX_PATH}:/home/seojun/바탕화면/ros2_ws/install/racing_car_pkg:/opt/ros/jazzy DEBUGINFOD_URLS=https://debuginfod.ubuntu.com /usr/bin/cmake --install /home/seojun/바탕화면/ros2_ws/build/racing_pkg
[3.832s] -- Install configuration: ""
[3.833s] -- Execute custom install script
[3.833s] -- Up-to-date symlink: /home/seojun/바탕화면/ros2_ws/install/racing_pkg/lib/racing_pkg/car_node
[3.834s] -- Up-to-date symlink: /home/seojun/바탕화면/ros2_ws/install/racing_pkg/lib/racing_pkg/track_publisher
[3.834s] -- Up-to-date symlink: /home/seojun/바탕화면/ros2_ws/install/racing_pkg/share/racing_pkg/launch/multi_car_launch.py
[3.834s] -- Up-to-date symlink: /home/seojun/바탕화면/ros2_ws/install/racing_pkg/share/racing_pkg/urdf/ML_path_car.urdf
[3.834s] -- Up-to-date symlink: /home/seojun/바탕화면/ros2_ws/install/racing_pkg/share/racing_pkg/urdf/TUM_path_car.urdf
[3.835s] -- Up-to-date symlink: /home/seojun/바탕화면/ros2_ws/install/racing_pkg/share/racing_pkg/urdf/real_path_car.urdf
[3.835s] -- Up-to-date symlink: /home/seojun/바탕화면/ros2_ws/install/racing_pkg/share/racing_pkg/config/car_view.rviz
[3.835s] -- Up-to-date symlink: /home/seojun/바탕화면/ros2_ws/install/racing_pkg/share/racing_pkg/path_ideal/traj_Monza_TUM.csv
[3.835s] -- Up-to-date symlink: /home/seojun/바탕화면/ros2_ws/install/racing_pkg/share/racing_pkg/path_ideal/trajectory.csv
[3.835s] -- Up-to-date symlink: /home/seojun/바탕화면/ros2_ws/install/racing_pkg/share/racing_pkg/path_ML/traj_Monza_ML.csv
[3.836s] -- Up-to-date symlink: /home/seojun/바탕화면/ros2_ws/install/racing_pkg/share/racing_pkg/path_real/traj_Monza_realistic.csv
[3.836s] -- Up-to-date symlink: /home/seojun/바탕화면/ros2_ws/install/racing_pkg/share/racing_pkg/tracks/Monza.csv
[3.836s] -- Up-to-date symlink: /home/seojun/바탕화면/ros2_ws/install/racing_pkg/share/ament_index/resource_index/package_run_dependencies/racing_pkg
[3.836s] -- Up-to-date symlink: /home/seojun/바탕화면/ros2_ws/install/racing_pkg/share/ament_index/resource_index/parent_prefix_path/racing_pkg
[3.836s] -- Up-to-date symlink: /home/seojun/바탕화면/ros2_ws/install/racing_pkg/share/racing_pkg/environment/ament_prefix_path.sh
[3.837s] -- Up-to-date symlink: /home/seojun/바탕화면/ros2_ws/install/racing_pkg/share/racing_pkg/environment/ament_prefix_path.dsv
[3.837s] -- Up-to-date symlink: /home/seojun/바탕화면/ros2_ws/install/racing_pkg/share/racing_pkg/environment/path.sh
[3.837s] -- Up-to-date symlink: /home/seojun/바탕화면/ros2_ws/install/racing_pkg/share/racing_pkg/environment/path.dsv
[3.837s] -- Up-to-date symlink: /home/seojun/바탕화면/ros2_ws/install/racing_pkg/share/racing_pkg/local_setup.bash
[3.837s] -- Up-to-date symlink: /home/seojun/바탕화면/ros2_ws/install/racing_pkg/share/racing_pkg/local_setup.sh
[3.837s] -- Up-to-date symlink: /home/seojun/바탕화면/ros2_ws/install/racing_pkg/share/racing_pkg/local_setup.zsh
[3.838s] -- Up-to-date symlink: /home/seojun/바탕화면/ros2_ws/install/racing_pkg/share/racing_pkg/local_setup.dsv
[3.838s] -- Symlinking: /home/seojun/바탕화면/ros2_ws/install/racing_pkg/share/racing_pkg/package.dsv
[3.852s] -- Up-to-date symlink: /home/seojun/바탕화면/ros2_ws/install/racing_pkg/share/ament_index/resource_index/packages/racing_pkg
[3.853s] -- Up-to-date symlink: /home/seojun/바탕화면/ros2_ws/install/racing_pkg/share/racing_pkg/cmake/racing_pkgConfig.cmake
[3.853s] -- Up-to-date symlink: /home/seojun/바탕화면/ros2_ws/install/racing_pkg/share/racing_pkg/cmake/racing_pkgConfig-version.cmake
[3.853s] -- Up-to-date symlink: /home/seojun/바탕화면/ros2_ws/install/racing_pkg/share/racing_pkg/package.xml
[3.857s] Invoked command in '/home/seojun/바탕화면/ros2_ws/build/racing_pkg' returned '0': CMAKE_PREFIX_PATH=${CMAKE_PREFIX_PATH}:/home/seojun/바탕화면/ros2_ws/install/racing_car_pkg:/opt/ros/jazzy DEBUGINFOD_URLS=https://debuginfod.ubuntu.com /usr/bin/cmake --install /home/seojun/바탕화면/ros2_ws/build/racing_pkg
