[0.058s] DEBUG:colcon:Command line arguments: ['/usr/bin/colcon', 'build', '--symlink-install']
[0.058s] DEBUG:colcon:Parsed command line arguments: Namespace(log_base=None, log_level=None, verb_name='build', build_base='build', install_base='install', merge_install=False, symlink_install=True, test_result_base=None, continue_on_error=False, executor='parallel', parallel_workers=8, event_handlers=None, ignore_user_meta=False, metas=['./colcon.meta'], base_paths=['.'], packages_ignore=None, packages_ignore_regex=None, paths=None, packages_up_to=None, packages_up_to_regex=None, packages_above=None, packages_above_and_dependencies=None, packages_above_depth=None, packages_select_by_dep=None, packages_skip_by_dep=None, packages_skip_up_to=None, packages_select_build_failed=False, packages_skip_build_finished=False, packages_select_test_failures=False, packages_skip_test_passed=False, packages_select=None, packages_skip=None, packages_select_regex=None, packages_skip_regex=None, packages_start=None, packages_end=None, allow_overriding=[], cmake_args=None, cmake_target=None, cmake_target_skip_unavailable=False, cmake_clean_cache=False, cmake_clean_first=False, cmake_force_configure=False, ament_cmake_args=None, catkin_cmake_args=None, catkin_skip_building_tests=False, verb_parser=<colcon_defaults.argument_parser.defaults.DefaultArgumentsDecorator object at 0x7de0c08824b0>, verb_extension=<colcon_core.verb.build.BuildVerb object at 0x7de0c0882390>, main=<bound method BuildVerb.main of <colcon_core.verb.build.BuildVerb object at 0x7de0c0882390>>)
[0.081s] Level 1:colcon.colcon_core.package_discovery:discover_packages(colcon_meta) check parameters
[0.081s] Level 1:colcon.colcon_core.package_discovery:discover_packages(recursive) check parameters
[0.081s] Level 1:colcon.colcon_core.package_discovery:discover_packages(ignore) check parameters
[0.081s] Level 1:colcon.colcon_core.package_discovery:discover_packages(path) check parameters
[0.081s] Level 1:colcon.colcon_core.package_discovery:discover_packages(colcon_meta) discover
[0.081s] Level 1:colcon.colcon_core.package_discovery:discover_packages(recursive) discover
[0.081s] INFO:colcon.colcon_core.package_discovery:Crawling recursively for packages in '/home/seojun/바탕화면/ros2_ws'
[0.081s] Level 1:colcon.colcon_core.package_identification:_identify(.) by extensions ['ignore', 'ignore_ament_install']
[0.081s] Level 1:colcon.colcon_core.package_identification:_identify(.) by extension 'ignore'
[0.081s] Level 1:colcon.colcon_core.package_identification:_identify(.) by extension 'ignore_ament_install'
[0.081s] Level 1:colcon.colcon_core.package_identification:_identify(.) by extensions ['colcon_pkg']
[0.081s] Level 1:colcon.colcon_core.package_identification:_identify(.) by extension 'colcon_pkg'
[0.081s] Level 1:colcon.colcon_core.package_identification:_identify(.) by extensions ['colcon_meta']
[0.081s] Level 1:colcon.colcon_core.package_identification:_identify(.) by extension 'colcon_meta'
[0.082s] Level 1:colcon.colcon_core.package_identification:_identify(.) by extensions ['ros']
[0.082s] Level 1:colcon.colcon_core.package_identification:_identify(.) by extension 'ros'
[0.096s] Level 1:colcon.colcon_core.package_identification:_identify(.) by extensions ['cmake', 'python']
[0.096s] Level 1:colcon.colcon_core.package_identification:_identify(.) by extension 'cmake'
[0.096s] Level 1:colcon.colcon_core.package_identification:_identify(.) by extension 'python'
[0.096s] Level 1:colcon.colcon_core.package_identification:_identify(.) by extensions ['python_setup_py']
[0.096s] Level 1:colcon.colcon_core.package_identification:_identify(.) by extension 'python_setup_py'
[0.097s] Level 1:colcon.colcon_core.package_identification:_identify(build) by extensions ['ignore', 'ignore_ament_install']
[0.097s] Level 1:colcon.colcon_core.package_identification:_identify(build) by extension 'ignore'
[0.097s] Level 1:colcon.colcon_core.package_identification:_identify(build) ignored
[0.097s] Level 1:colcon.colcon_core.package_identification:_identify(install) by extensions ['ignore', 'ignore_ament_install']
[0.097s] Level 1:colcon.colcon_core.package_identification:_identify(install) by extension 'ignore'
[0.097s] Level 1:colcon.colcon_core.package_identification:_identify(install) ignored
[0.097s] Level 1:colcon.colcon_core.package_identification:_identify(log) by extensions ['ignore', 'ignore_ament_install']
[0.097s] Level 1:colcon.colcon_core.package_identification:_identify(log) by extension 'ignore'
[0.097s] Level 1:colcon.colcon_core.package_identification:_identify(log) ignored
[0.097s] Level 1:colcon.colcon_core.package_identification:_identify(src) by extensions ['ignore', 'ignore_ament_install']
[0.097s] Level 1:colcon.colcon_core.package_identification:_identify(src) by extension 'ignore'
[0.097s] Level 1:colcon.colcon_core.package_identification:_identify(src) by extension 'ignore_ament_install'
[0.097s] Level 1:colcon.colcon_core.package_identification:_identify(src) by extensions ['colcon_pkg']
[0.097s] Level 1:colcon.colcon_core.package_identification:_identify(src) by extension 'colcon_pkg'
[0.097s] Level 1:colcon.colcon_core.package_identification:_identify(src) by extensions ['colcon_meta']
[0.097s] Level 1:colcon.colcon_core.package_identification:_identify(src) by extension 'colcon_meta'
[0.097s] Level 1:colcon.colcon_core.package_identification:_identify(src) by extensions ['ros']
[0.097s] Level 1:colcon.colcon_core.package_identification:_identify(src) by extension 'ros'
[0.097s] Level 1:colcon.colcon_core.package_identification:_identify(src) by extensions ['cmake', 'python']
[0.097s] Level 1:colcon.colcon_core.package_identification:_identify(src) by extension 'cmake'
[0.097s] Level 1:colcon.colcon_core.package_identification:_identify(src) by extension 'python'
[0.097s] Level 1:colcon.colcon_core.package_identification:_identify(src) by extensions ['python_setup_py']
[0.097s] Level 1:colcon.colcon_core.package_identification:_identify(src) by extension 'python_setup_py'
[0.097s] Level 1:colcon.colcon_core.package_identification:_identify(src/racing_car_pkg) by extensions ['ignore', 'ignore_ament_install']
[0.097s] Level 1:colcon.colcon_core.package_identification:_identify(src/racing_car_pkg) by extension 'ignore'
[0.098s] Level 1:colcon.colcon_core.package_identification:_identify(src/racing_car_pkg) by extension 'ignore_ament_install'
[0.098s] Level 1:colcon.colcon_core.package_identification:_identify(src/racing_car_pkg) by extensions ['colcon_pkg']
[0.098s] Level 1:colcon.colcon_core.package_identification:_identify(src/racing_car_pkg) by extension 'colcon_pkg'
[0.098s] Level 1:colcon.colcon_core.package_identification:_identify(src/racing_car_pkg) by extensions ['colcon_meta']
[0.098s] Level 1:colcon.colcon_core.package_identification:_identify(src/racing_car_pkg) by extension 'colcon_meta'
[0.098s] Level 1:colcon.colcon_core.package_identification:_identify(src/racing_car_pkg) by extensions ['ros']
[0.098s] Level 1:colcon.colcon_core.package_identification:_identify(src/racing_car_pkg) by extension 'ros'
[0.099s] DEBUG:colcon.colcon_core.package_identification:Package 'src/racing_car_pkg' with type 'ros.ament_python' and name 'racing_car_pkg'
[0.099s] Level 1:colcon.colcon_core.package_identification:_identify(src/racing_pkg) by extensions ['ignore', 'ignore_ament_install']
[0.100s] Level 1:colcon.colcon_core.package_identification:_identify(src/racing_pkg) by extension 'ignore'
[0.100s] Level 1:colcon.colcon_core.package_identification:_identify(src/racing_pkg) by extension 'ignore_ament_install'
[0.100s] Level 1:colcon.colcon_core.package_identification:_identify(src/racing_pkg) by extensions ['colcon_pkg']
[0.100s] Level 1:colcon.colcon_core.package_identification:_identify(src/racing_pkg) by extension 'colcon_pkg'
[0.100s] Level 1:colcon.colcon_core.package_identification:_identify(src/racing_pkg) by extensions ['colcon_meta']
[0.100s] Level 1:colcon.colcon_core.package_identification:_identify(src/racing_pkg) by extension 'colcon_meta'
[0.100s] Level 1:colcon.colcon_core.package_identification:_identify(src/racing_pkg) by extensions ['ros']
[0.100s] Level 1:colcon.colcon_core.package_identification:_identify(src/racing_pkg) by extension 'ros'
[0.100s] DEBUG:colcon.colcon_core.package_identification:Package 'src/racing_pkg' with type 'ros.ament_cmake' and name 'racing_pkg'
[0.100s] Level 1:colcon.colcon_core.package_discovery:discover_packages(recursive) using defaults
[0.100s] Level 1:colcon.colcon_core.package_discovery:discover_packages(ignore) discover
[0.100s] Level 1:colcon.colcon_core.package_discovery:discover_packages(ignore) using defaults
[0.100s] Level 1:colcon.colcon_core.package_discovery:discover_packages(path) discover
[0.100s] Level 1:colcon.colcon_core.package_discovery:discover_packages(path) using defaults
[0.111s] Level 1:colcon.colcon_core.package_discovery:discover_packages(prefix_path) check parameters
[0.111s] Level 1:colcon.colcon_core.package_discovery:discover_packages(prefix_path) discover
[0.112s] DEBUG:colcon.colcon_installed_package_information.package_discovery:Found 2 installed packages in /home/seojun/바탕화면/ros2_ws/install
[0.113s] DEBUG:colcon.colcon_installed_package_information.package_discovery:Found 319 installed packages in /opt/ros/jazzy
[0.113s] Level 1:colcon.colcon_core.package_discovery:discover_packages(prefix_path) using defaults
[0.136s] Level 5:colcon.colcon_core.verb:set package 'racing_car_pkg' build argument 'cmake_args' from command line to 'None'
[0.136s] Level 5:colcon.colcon_core.verb:set package 'racing_car_pkg' build argument 'cmake_target' from command line to 'None'
[0.136s] Level 5:colcon.colcon_core.verb:set package 'racing_car_pkg' build argument 'cmake_target_skip_unavailable' from command line to 'False'
[0.136s] Level 5:colcon.colcon_core.verb:set package 'racing_car_pkg' build argument 'cmake_clean_cache' from command line to 'False'
[0.136s] Level 5:colcon.colcon_core.verb:set package 'racing_car_pkg' build argument 'cmake_clean_first' from command line to 'False'
[0.136s] Level 5:colcon.colcon_core.verb:set package 'racing_car_pkg' build argument 'cmake_force_configure' from command line to 'False'
[0.136s] Level 5:colcon.colcon_core.verb:set package 'racing_car_pkg' build argument 'ament_cmake_args' from command line to 'None'
[0.136s] Level 5:colcon.colcon_core.verb:set package 'racing_car_pkg' build argument 'catkin_cmake_args' from command line to 'None'
[0.136s] Level 5:colcon.colcon_core.verb:set package 'racing_car_pkg' build argument 'catkin_skip_building_tests' from command line to 'False'
[0.136s] DEBUG:colcon.colcon_core.verb:Building package 'racing_car_pkg' with the following arguments: {'ament_cmake_args': None, 'build_base': '/home/seojun/바탕화면/ros2_ws/build/racing_car_pkg', 'catkin_cmake_args': None, 'catkin_skip_building_tests': False, 'cmake_args': None, 'cmake_clean_cache': False, 'cmake_clean_first': False, 'cmake_force_configure': False, 'cmake_target': None, 'cmake_target_skip_unavailable': False, 'install_base': '/home/seojun/바탕화면/ros2_ws/install/racing_car_pkg', 'merge_install': False, 'path': '/home/seojun/바탕화면/ros2_ws/src/racing_car_pkg', 'symlink_install': True, 'test_result_base': None}
[0.136s] Level 5:colcon.colcon_core.verb:set package 'racing_pkg' build argument 'cmake_args' from command line to 'None'
[0.136s] Level 5:colcon.colcon_core.verb:set package 'racing_pkg' build argument 'cmake_target' from command line to 'None'
[0.136s] Level 5:colcon.colcon_core.verb:set package 'racing_pkg' build argument 'cmake_target_skip_unavailable' from command line to 'False'
[0.136s] Level 5:colcon.colcon_core.verb:set package 'racing_pkg' build argument 'cmake_clean_cache' from command line to 'False'
[0.136s] Level 5:colcon.colcon_core.verb:set package 'racing_pkg' build argument 'cmake_clean_first' from command line to 'False'
[0.136s] Level 5:colcon.colcon_core.verb:set package 'racing_pkg' build argument 'cmake_force_configure' from command line to 'False'
[0.136s] Level 5:colcon.colcon_core.verb:set package 'racing_pkg' build argument 'ament_cmake_args' from command line to 'None'
[0.136s] Level 5:colcon.colcon_core.verb:set package 'racing_pkg' build argument 'catkin_cmake_args' from command line to 'None'
[0.136s] Level 5:colcon.colcon_core.verb:set package 'racing_pkg' build argument 'catkin_skip_building_tests' from command line to 'False'
[0.137s] DEBUG:colcon.colcon_core.verb:Building package 'racing_pkg' with the following arguments: {'ament_cmake_args': None, 'build_base': '/home/seojun/바탕화면/ros2_ws/build/racing_pkg', 'catkin_cmake_args': None, 'catkin_skip_building_tests': False, 'cmake_args': None, 'cmake_clean_cache': False, 'cmake_clean_first': False, 'cmake_force_configure': False, 'cmake_target': None, 'cmake_target_skip_unavailable': False, 'install_base': '/home/seojun/바탕화면/ros2_ws/install/racing_pkg', 'merge_install': False, 'path': '/home/seojun/바탕화면/ros2_ws/src/racing_pkg', 'symlink_install': True, 'test_result_base': None}
[0.137s] INFO:colcon.colcon_core.executor:Executing jobs using 'parallel' executor
[0.137s] DEBUG:colcon.colcon_parallel_executor.executor.parallel:run_until_complete
[0.138s] INFO:colcon.colcon_ros.task.ament_python.build:Building ROS package in '/home/seojun/바탕화면/ros2_ws/src/racing_car_pkg' with build type 'ament_python'
[0.138s] Level 1:colcon.colcon_core.shell:create_environment_hook('racing_car_pkg', 'ament_prefix_path')
[0.139s] INFO:colcon.colcon_core.plugin_system:Skipping extension 'colcon_core.shell.bat': Not used on non-Windows systems
[0.139s] INFO:colcon.colcon_core.shell:Creating environment hook '/home/seojun/바탕화면/ros2_ws/install/racing_car_pkg/share/racing_car_pkg/hook/ament_prefix_path.ps1'
[0.139s] INFO:colcon.colcon_core.shell:Creating environment descriptor '/home/seojun/바탕화면/ros2_ws/install/racing_car_pkg/share/racing_car_pkg/hook/ament_prefix_path.dsv'
[0.139s] INFO:colcon.colcon_core.shell:Creating environment hook '/home/seojun/바탕화면/ros2_ws/install/racing_car_pkg/share/racing_car_pkg/hook/ament_prefix_path.sh'
[0.140s] INFO:colcon.colcon_core.shell:Skip shell extension 'powershell' for command environment: Not usable outside of PowerShell
[0.140s] DEBUG:colcon.colcon_core.shell:Skip shell extension 'dsv' for command environment
[0.141s] INFO:colcon.colcon_ros.task.ament_cmake.build:Building ROS package in '/home/seojun/바탕화면/ros2_ws/src/racing_pkg' with build type 'ament_cmake'
[0.141s] INFO:colcon.colcon_cmake.task.cmake.build:Building CMake package in '/home/seojun/바탕화면/ros2_ws/src/racing_pkg'
[0.142s] INFO:colcon.colcon_core.shell:Skip shell extension 'powershell' for command environment: Not usable outside of PowerShell
[0.142s] DEBUG:colcon.colcon_core.shell:Skip shell extension 'dsv' for command environment
[0.257s] INFO:colcon.colcon_core.task.python.build:Building Python package in '/home/seojun/바탕화면/ros2_ws/src/racing_car_pkg'
[0.257s] INFO:colcon.colcon_core.shell:Skip shell extension 'powershell' for command environment: Not usable outside of PowerShell
[0.257s] DEBUG:colcon.colcon_core.shell:Skip shell extension 'dsv' for command environment
[0.262s] DEBUG:colcon.colcon_core.event_handler.log_command:Invoking command in '/home/seojun/바탕화면/ros2_ws/build/racing_pkg': CMAKE_PREFIX_PATH=${CMAKE_PREFIX_PATH}:/home/seojun/바탕화면/ros2_ws/install/racing_car_pkg:/opt/ros/jazzy DEBUGINFOD_URLS=https://debuginfod.ubuntu.com /usr/bin/cmake --build /home/seojun/바탕화면/ros2_ws/build/racing_pkg -- -j8 -l8
[0.345s] DEBUG:colcon.colcon_core.event_handler.log_command:Invoked command in '/home/seojun/바탕화면/ros2_ws/build/racing_pkg' returned '0': CMAKE_PREFIX_PATH=${CMAKE_PREFIX_PATH}:/home/seojun/바탕화면/ros2_ws/install/racing_car_pkg:/opt/ros/jazzy DEBUGINFOD_URLS=https://debuginfod.ubuntu.com /usr/bin/cmake --build /home/seojun/바탕화면/ros2_ws/build/racing_pkg -- -j8 -l8
[0.355s] DEBUG:colcon.colcon_core.event_handler.log_command:Invoking command in '/home/seojun/바탕화면/ros2_ws/build/racing_pkg': CMAKE_PREFIX_PATH=${CMAKE_PREFIX_PATH}:/home/seojun/바탕화면/ros2_ws/install/racing_car_pkg:/opt/ros/jazzy DEBUGINFOD_URLS=https://debuginfod.ubuntu.com /usr/bin/cmake --install /home/seojun/바탕화면/ros2_ws/build/racing_pkg
[0.379s] Level 1:colcon.colcon_core.environment:create_environment_scripts_only(racing_pkg)
[0.379s] DEBUG:colcon.colcon_core.event_handler.log_command:Invoked command in '/home/seojun/바탕화면/ros2_ws/build/racing_pkg' returned '0': CMAKE_PREFIX_PATH=${CMAKE_PREFIX_PATH}:/home/seojun/바탕화면/ros2_ws/install/racing_car_pkg:/opt/ros/jazzy DEBUGINFOD_URLS=https://debuginfod.ubuntu.com /usr/bin/cmake --install /home/seojun/바탕화면/ros2_ws/build/racing_pkg
[0.380s] Level 1:colcon.colcon_core.environment:checking '/home/seojun/바탕화면/ros2_ws/install/racing_pkg' for CMake module files
[0.381s] Level 1:colcon.colcon_core.environment:checking '/home/seojun/바탕화면/ros2_ws/install/racing_pkg' for CMake config files
[0.381s] Level 1:colcon.colcon_core.shell:create_environment_hook('racing_pkg', 'cmake_prefix_path')
[0.381s] INFO:colcon.colcon_core.shell:Creating environment hook '/home/seojun/바탕화면/ros2_ws/install/racing_pkg/share/racing_pkg/hook/cmake_prefix_path.ps1'
[0.381s] INFO:colcon.colcon_core.shell:Creating environment descriptor '/home/seojun/바탕화면/ros2_ws/install/racing_pkg/share/racing_pkg/hook/cmake_prefix_path.dsv'
[0.382s] INFO:colcon.colcon_core.shell:Creating environment hook '/home/seojun/바탕화면/ros2_ws/install/racing_pkg/share/racing_pkg/hook/cmake_prefix_path.sh'
[0.382s] Level 1:colcon.colcon_core.environment:checking '/home/seojun/바탕화면/ros2_ws/install/racing_pkg/lib'
[0.382s] Level 1:colcon.colcon_core.environment:checking '/home/seojun/바탕화면/ros2_ws/install/racing_pkg/bin'
[0.382s] Level 1:colcon.colcon_core.environment:checking '/home/seojun/바탕화면/ros2_ws/install/racing_pkg/lib/pkgconfig/racing_pkg.pc'
[0.382s] Level 1:colcon.colcon_core.environment:checking '/home/seojun/바탕화면/ros2_ws/install/racing_pkg/lib/python3.12/site-packages'
[0.383s] Level 1:colcon.colcon_core.environment:checking '/home/seojun/바탕화면/ros2_ws/install/racing_pkg/bin'
[0.383s] INFO:colcon.colcon_core.shell:Creating package script '/home/seojun/바탕화면/ros2_ws/install/racing_pkg/share/racing_pkg/package.ps1'
[0.383s] INFO:colcon.colcon_core.shell:Creating package descriptor '/home/seojun/바탕화면/ros2_ws/install/racing_pkg/share/racing_pkg/package.dsv'
[0.383s] INFO:colcon.colcon_core.shell:Creating package script '/home/seojun/바탕화면/ros2_ws/install/racing_pkg/share/racing_pkg/package.sh'
[0.384s] INFO:colcon.colcon_core.shell:Creating package script '/home/seojun/바탕화면/ros2_ws/install/racing_pkg/share/racing_pkg/package.bash'
[0.384s] INFO:colcon.colcon_core.shell:Creating package script '/home/seojun/바탕화면/ros2_ws/install/racing_pkg/share/racing_pkg/package.zsh'
[0.385s] Level 1:colcon.colcon_core.environment:create_file_with_runtime_dependencies(/home/seojun/바탕화면/ros2_ws/install/racing_pkg/share/colcon-core/packages/racing_pkg)
[0.385s] Level 1:colcon.colcon_core.environment:create_environment_scripts_only(racing_pkg)
[0.385s] Level 1:colcon.colcon_core.environment:checking '/home/seojun/바탕화면/ros2_ws/install/racing_pkg' for CMake module files
[0.385s] Level 1:colcon.colcon_core.environment:checking '/home/seojun/바탕화면/ros2_ws/install/racing_pkg' for CMake config files
[0.385s] Level 1:colcon.colcon_core.shell:create_environment_hook('racing_pkg', 'cmake_prefix_path')
[0.385s] INFO:colcon.colcon_core.shell:Creating environment hook '/home/seojun/바탕화면/ros2_ws/install/racing_pkg/share/racing_pkg/hook/cmake_prefix_path.ps1'
[0.386s] INFO:colcon.colcon_core.shell:Creating environment descriptor '/home/seojun/바탕화면/ros2_ws/install/racing_pkg/share/racing_pkg/hook/cmake_prefix_path.dsv'
[0.386s] INFO:colcon.colcon_core.shell:Creating environment hook '/home/seojun/바탕화면/ros2_ws/install/racing_pkg/share/racing_pkg/hook/cmake_prefix_path.sh'
[0.386s] Level 1:colcon.colcon_core.environment:checking '/home/seojun/바탕화면/ros2_ws/install/racing_pkg/lib'
[0.386s] Level 1:colcon.colcon_core.environment:checking '/home/seojun/바탕화면/ros2_ws/install/racing_pkg/bin'
[0.386s] Level 1:colcon.colcon_core.environment:checking '/home/seojun/바탕화면/ros2_ws/install/racing_pkg/lib/pkgconfig/racing_pkg.pc'
[0.386s] Level 1:colcon.colcon_core.environment:checking '/home/seojun/바탕화면/ros2_ws/install/racing_pkg/lib/python3.12/site-packages'
[0.387s] Level 1:colcon.colcon_core.environment:checking '/home/seojun/바탕화면/ros2_ws/install/racing_pkg/bin'
[0.387s] INFO:colcon.colcon_core.shell:Creating package script '/home/seojun/바탕화면/ros2_ws/install/racing_pkg/share/racing_pkg/package.ps1'
[0.387s] INFO:colcon.colcon_core.shell:Creating package descriptor '/home/seojun/바탕화면/ros2_ws/install/racing_pkg/share/racing_pkg/package.dsv'
[0.387s] INFO:colcon.colcon_core.shell:Creating package script '/home/seojun/바탕화면/ros2_ws/install/racing_pkg/share/racing_pkg/package.sh'
[0.387s] INFO:colcon.colcon_core.shell:Creating package script '/home/seojun/바탕화면/ros2_ws/install/racing_pkg/share/racing_pkg/package.bash'
[0.388s] INFO:colcon.colcon_core.shell:Creating package script '/home/seojun/바탕화면/ros2_ws/install/racing_pkg/share/racing_pkg/package.zsh'
[0.388s] Level 1:colcon.colcon_core.environment:create_file_with_runtime_dependencies(/home/seojun/바탕화면/ros2_ws/install/racing_pkg/share/colcon-core/packages/racing_pkg)
[0.620s] DEBUG:colcon.colcon_core.event_handler.log_command:Invoking command in '/home/seojun/바탕화면/ros2_ws/build/racing_car_pkg': DEBUGINFOD_URLS=https://debuginfod.ubuntu.com PYTHONPATH=/home/seojun/바탕화면/ros2_ws/build/racing_car_pkg/prefix_override:/usr/lib/python3/dist-packages/colcon_core/task/python/colcon_distutils_commands:/home/seojun/바탕화면/ros2_ws/install/racing_car_pkg/lib/python3.12/site-packages:${PYTHONPATH} /usr/bin/python3 -W ignore:setup.py install is deprecated -W ignore:easy_install command is deprecated setup.py develop --editable --build-directory /home/seojun/바탕화면/ros2_ws/build/racing_car_pkg/build --no-deps symlink_data
[0.950s] Level 1:colcon.colcon_core.shell:create_environment_hook('racing_car_pkg', 'pythonpath_develop')
[0.951s] INFO:colcon.colcon_core.shell:Creating environment hook '/home/seojun/바탕화면/ros2_ws/build/racing_car_pkg/share/racing_car_pkg/hook/pythonpath_develop.ps1'
[0.951s] DEBUG:colcon.colcon_core.event_handler.log_command:Invoked command in '/home/seojun/바탕화면/ros2_ws/build/racing_car_pkg' returned '0': DEBUGINFOD_URLS=https://debuginfod.ubuntu.com PYTHONPATH=/home/seojun/바탕화면/ros2_ws/build/racing_car_pkg/prefix_override:/usr/lib/python3/dist-packages/colcon_core/task/python/colcon_distutils_commands:/home/seojun/바탕화면/ros2_ws/install/racing_car_pkg/lib/python3.12/site-packages:${PYTHONPATH} /usr/bin/python3 -W ignore:setup.py install is deprecated -W ignore:easy_install command is deprecated setup.py develop --editable --build-directory /home/seojun/바탕화면/ros2_ws/build/racing_car_pkg/build --no-deps symlink_data
[0.951s] INFO:colcon.colcon_core.shell:Creating environment descriptor '/home/seojun/바탕화면/ros2_ws/build/racing_car_pkg/share/racing_car_pkg/hook/pythonpath_develop.dsv'
[0.952s] INFO:colcon.colcon_core.shell:Creating environment hook '/home/seojun/바탕화면/ros2_ws/build/racing_car_pkg/share/racing_car_pkg/hook/pythonpath_develop.sh'
[0.952s] Level 1:colcon.colcon_core.environment:checking '/home/seojun/바탕화면/ros2_ws/install/racing_car_pkg' for CMake module files
[0.952s] Level 1:colcon.colcon_core.environment:checking '/home/seojun/바탕화면/ros2_ws/install/racing_car_pkg' for CMake config files
[0.953s] Level 1:colcon.colcon_core.environment:checking '/home/seojun/바탕화면/ros2_ws/install/racing_car_pkg/lib'
[0.953s] Level 1:colcon.colcon_core.environment:checking '/home/seojun/바탕화면/ros2_ws/install/racing_car_pkg/bin'
[0.953s] Level 1:colcon.colcon_core.environment:checking '/home/seojun/바탕화면/ros2_ws/install/racing_car_pkg/lib/pkgconfig/racing_car_pkg.pc'
[0.953s] Level 1:colcon.colcon_core.environment:checking '/home/seojun/바탕화면/ros2_ws/install/racing_car_pkg/lib/python3.12/site-packages'
[0.953s] Level 1:colcon.colcon_core.shell:create_environment_hook('racing_car_pkg', 'pythonpath')
[0.953s] INFO:colcon.colcon_core.shell:Creating environment hook '/home/seojun/바탕화면/ros2_ws/install/racing_car_pkg/share/racing_car_pkg/hook/pythonpath.ps1'
[0.953s] INFO:colcon.colcon_core.shell:Creating environment descriptor '/home/seojun/바탕화면/ros2_ws/install/racing_car_pkg/share/racing_car_pkg/hook/pythonpath.dsv'
[0.954s] INFO:colcon.colcon_core.shell:Creating environment hook '/home/seojun/바탕화면/ros2_ws/install/racing_car_pkg/share/racing_car_pkg/hook/pythonpath.sh'
[0.954s] Level 1:colcon.colcon_core.environment:checking '/home/seojun/바탕화면/ros2_ws/install/racing_car_pkg/bin'
[0.954s] Level 1:colcon.colcon_core.environment:create_environment_scripts_only(racing_car_pkg)
[0.954s] INFO:colcon.colcon_core.shell:Creating package script '/home/seojun/바탕화면/ros2_ws/install/racing_car_pkg/share/racing_car_pkg/package.ps1'
[0.954s] INFO:colcon.colcon_core.shell:Creating package descriptor '/home/seojun/바탕화면/ros2_ws/install/racing_car_pkg/share/racing_car_pkg/package.dsv'
[0.955s] INFO:colcon.colcon_core.shell:Creating package script '/home/seojun/바탕화면/ros2_ws/install/racing_car_pkg/share/racing_car_pkg/package.sh'
[0.955s] INFO:colcon.colcon_core.shell:Creating package script '/home/seojun/바탕화면/ros2_ws/install/racing_car_pkg/share/racing_car_pkg/package.bash'
[0.955s] INFO:colcon.colcon_core.shell:Creating package script '/home/seojun/바탕화면/ros2_ws/install/racing_car_pkg/share/racing_car_pkg/package.zsh'
[0.955s] Level 1:colcon.colcon_core.environment:create_file_with_runtime_dependencies(/home/seojun/바탕화면/ros2_ws/install/racing_car_pkg/share/colcon-core/packages/racing_car_pkg)
[0.955s] DEBUG:colcon.colcon_parallel_executor.executor.parallel:closing loop
[0.955s] DEBUG:colcon.colcon_parallel_executor.executor.parallel:loop closed
[0.956s] DEBUG:colcon.colcon_parallel_executor.executor.parallel:run_until_complete finished with '0'
[0.956s] DEBUG:colcon.colcon_core.event_reactor:joining thread
[0.961s] INFO:colcon.colcon_core.plugin_system:Skipping extension 'colcon_notification.desktop_notification.terminal_notifier': Not used on non-Darwin systems
[0.961s] INFO:colcon.colcon_core.plugin_system:Skipping extension 'colcon_notification.desktop_notification.win32': Not used on non-Windows systems
[0.961s] INFO:colcon.colcon_notification.desktop_notification:Sending desktop notification using 'notify2'
[0.970s] DEBUG:colcon.colcon_core.event_reactor:joined thread
[0.971s] INFO:colcon.colcon_core.shell:Creating prefix script '/home/seojun/바탕화면/ros2_ws/install/local_setup.ps1'
[0.972s] INFO:colcon.colcon_core.shell:Creating prefix util module '/home/seojun/바탕화면/ros2_ws/install/_local_setup_util_ps1.py'
[0.973s] INFO:colcon.colcon_core.shell:Creating prefix chain script '/home/seojun/바탕화면/ros2_ws/install/setup.ps1'
[0.974s] INFO:colcon.colcon_core.shell:Creating prefix script '/home/seojun/바탕화면/ros2_ws/install/local_setup.sh'
[0.974s] INFO:colcon.colcon_core.shell:Creating prefix util module '/home/seojun/바탕화면/ros2_ws/install/_local_setup_util_sh.py'
[0.975s] INFO:colcon.colcon_core.shell:Creating prefix chain script '/home/seojun/바탕화면/ros2_ws/install/setup.sh'
[0.976s] INFO:colcon.colcon_core.shell:Creating prefix script '/home/seojun/바탕화면/ros2_ws/install/local_setup.bash'
[0.976s] INFO:colcon.colcon_core.shell:Creating prefix chain script '/home/seojun/바탕화면/ros2_ws/install/setup.bash'
[0.978s] INFO:colcon.colcon_core.shell:Creating prefix script '/home/seojun/바탕화면/ros2_ws/install/local_setup.zsh'
[0.978s] INFO:colcon.colcon_core.shell:Creating prefix chain script '/home/seojun/바탕화면/ros2_ws/install/setup.zsh'
