-- Found ament_cmake: 2.5.6 (/opt/ros/jazzy/share/ament_cmake/cmake)
-- Override CMake install command with custom implementation using symlinks instead of copying resources
-- Found rclcpp: 28.1.18 (/opt/ros/jazzy/share/rclcpp/cmake)
-- Found rosidl_generator_c: 4.6.7 (/opt/ros/jazzy/share/rosidl_generator_c/cmake)
-- Found rosidl_generator_cpp: 4.6.7 (/opt/ros/jazzy/share/rosidl_generator_cpp/cmake)
-- Using all available rosidl_typesupport_c: rosidl_typesupport_fastrtps_c;rosidl_typesupport_introspection_c
-- Using all available rosidl_typesupport_cpp: rosidl_typesupport_fastrtps_cpp;rosidl_typesupport_introspection_cpp
-- Found rmw_implementation_cmake: 7.3.3 (/opt/ros/jazzy/share/rmw_implementation_cmake/cmake)
-- Found rmw_fastrtps_cpp: 8.4.3 (/opt/ros/jazzy/share/rmw_fastrtps_cpp/cmake)
-- Using RMW implementation 'rmw_fastrtps_cpp' as default
-- Found tf2_ros: 0.36.20 (/opt/ros/jazzy/share/tf2_ros/cmake)
-- Found nav_msgs: 5.3.7 (/opt/ros/jazzy/share/nav_msgs/cmake)
-- Found ament_lint_auto: 0.17.5 (/opt/ros/jazzy/share/ament_lint_auto/cmake)
-- Added test 'cppcheck' to perform static code analysis on C / C++ code
-- Configured cppcheck include dirs: $<BUILD_INTERFACE:/home/seojun/바탕화면/ros2_ws/src/racing_pkg/include>
-- Configured cppcheck exclude dirs and/or files: 
-- Added test 'flake8' to check Python code syntax and style conventions
-- Configured 'flake8' exclude dirs and/or files: 
-- Added test 'lint_cmake' to check CMake code style
-- Added test 'pep257' to check Python code against some of the docstring style conventions in PEP 257
-- Added test 'uncrustify' to check C / C++ code style
-- Configured uncrustify additional arguments: 
-- Added test 'xmllint' to check XML markup files
-- Configuring done (0.8s)
-- Generating done (0.0s)
-- Build files have been written to: /home/seojun/바탕화면/ros2_ws/build/racing_pkg
[ 50%] Built target track_publisher
[100%] Built target car_node
-- Install configuration: ""
-- Execute custom install script
-- Up-to-date symlink: /home/seojun/바탕화면/ros2_ws/install/racing_pkg/lib/racing_pkg/car_node
-- Up-to-date symlink: /home/seojun/바탕화면/ros2_ws/install/racing_pkg/lib/racing_pkg/track_publisher
-- Up-to-date symlink: /home/seojun/바탕화면/ros2_ws/install/racing_pkg/share/racing_pkg/launch/multi_car_launch.py
-- Up-to-date symlink: /home/seojun/바탕화면/ros2_ws/install/racing_pkg/share/racing_pkg/urdf/ML_path_car.urdf
-- Symlinking: /home/seojun/바탕화면/ros2_ws/install/racing_pkg/share/racing_pkg/urdf/TUM_path_car.urdf
-- Up-to-date symlink: /home/seojun/바탕화면/ros2_ws/install/racing_pkg/share/racing_pkg/urdf/real_path_car.urdf
-- Up-to-date symlink: /home/seojun/바탕화면/ros2_ws/install/racing_pkg/share/racing_pkg/config/car_view.rviz
-- Symlinking: /home/seojun/바탕화면/ros2_ws/install/racing_pkg/share/racing_pkg/path_ideal/traj_Monza_TUM.csv
-- Up-to-date symlink: /home/seojun/바탕화면/ros2_ws/install/racing_pkg/share/racing_pkg/path_ideal/trajectory.csv
-- Up-to-date symlink: /home/seojun/바탕화면/ros2_ws/install/racing_pkg/share/racing_pkg/path_ML/traj_Monza_ML.csv
-- Up-to-date symlink: /home/seojun/바탕화면/ros2_ws/install/racing_pkg/share/racing_pkg/path_real/traj_Monza_realistic.csv
-- Up-to-date symlink: /home/seojun/바탕화면/ros2_ws/install/racing_pkg/share/racing_pkg/tracks/Monza.csv
-- Up-to-date symlink: /home/seojun/바탕화면/ros2_ws/install/racing_pkg/share/ament_index/resource_index/package_run_dependencies/racing_pkg
-- Up-to-date symlink: /home/seojun/바탕화면/ros2_ws/install/racing_pkg/share/ament_index/resource_index/parent_prefix_path/racing_pkg
-- Up-to-date symlink: /home/seojun/바탕화면/ros2_ws/install/racing_pkg/share/racing_pkg/environment/ament_prefix_path.sh
-- Up-to-date symlink: /home/seojun/바탕화면/ros2_ws/install/racing_pkg/share/racing_pkg/environment/ament_prefix_path.dsv
-- Up-to-date symlink: /home/seojun/바탕화면/ros2_ws/install/racing_pkg/share/racing_pkg/environment/path.sh
-- Up-to-date symlink: /home/seojun/바탕화면/ros2_ws/install/racing_pkg/share/racing_pkg/environment/path.dsv
-- Up-to-date symlink: /home/seojun/바탕화면/ros2_ws/install/racing_pkg/share/racing_pkg/local_setup.bash
-- Up-to-date symlink: /home/seojun/바탕화면/ros2_ws/install/racing_pkg/share/racing_pkg/local_setup.sh
-- Up-to-date symlink: /home/seojun/바탕화면/ros2_ws/install/racing_pkg/share/racing_pkg/local_setup.zsh
-- Up-to-date symlink: /home/seojun/바탕화면/ros2_ws/install/racing_pkg/share/racing_pkg/local_setup.dsv
-- Symlinking: /home/seojun/바탕화면/ros2_ws/install/racing_pkg/share/racing_pkg/package.dsv
-- Up-to-date symlink: /home/seojun/바탕화면/ros2_ws/install/racing_pkg/share/ament_index/resource_index/packages/racing_pkg
-- Up-to-date symlink: /home/seojun/바탕화면/ros2_ws/install/racing_pkg/share/racing_pkg/cmake/racing_pkgConfig.cmake
-- Up-to-date symlink: /home/seojun/바탕화면/ros2_ws/install/racing_pkg/share/racing_pkg/cmake/racing_pkgConfig-version.cmake
-- Up-to-date symlink: /home/seojun/바탕화면/ros2_ws/install/racing_pkg/share/racing_pkg/package.xml
