[0.084s] DEBUG:colcon:Command line arguments: ['/usr/bin/colcon', 'build', '--symlink-install']
[0.084s] DEBUG:colcon:Parsed command line arguments: Namespace(log_base=None, log_level=None, verb_name='build', build_base='build', install_base='install', merge_install=False, symlink_install=True, test_result_base=None, continue_on_error=False, executor='parallel', parallel_workers=8, event_handlers=None, ignore_user_meta=False, metas=['./colcon.meta'], base_paths=['.'], packages_ignore=None, packages_ignore_regex=None, paths=None, packages_up_to=None, packages_up_to_regex=None, packages_above=None, packages_above_and_dependencies=None, packages_above_depth=None, packages_select_by_dep=None, packages_skip_by_dep=None, packages_skip_up_to=None, packages_select_build_failed=False, packages_skip_build_finished=False, packages_select_test_failures=False, packages_skip_test_passed=False, packages_select=None, packages_skip=None, packages_select_regex=None, packages_skip_regex=None, packages_start=None, packages_end=None, allow_overriding=[], cmake_args=None, cmake_target=None, cmake_target_skip_unavailable=False, cmake_clean_cache=False, cmake_clean_first=False, cmake_force_configure=False, ament_cmake_args=None, catkin_cmake_args=None, catkin_skip_building_tests=False, verb_parser=<colcon_defaults.argument_parser.defaults.DefaultArgumentsDecorator object at 0x7073d404ec00>, verb_extension=<colcon_core.verb.build.BuildVerb object at 0x7073d404db50>, main=<bound method BuildVerb.main of <colcon_core.verb.build.BuildVerb object at 0x7073d404db50>>)
[0.115s] Level 1:colcon.colcon_core.package_discovery:discover_packages(colcon_meta) check parameters
[0.115s] Level 1:colcon.colcon_core.package_discovery:discover_packages(recursive) check parameters
[0.115s] Level 1:colcon.colcon_core.package_discovery:discover_packages(ignore) check parameters
[0.115s] Level 1:colcon.colcon_core.package_discovery:discover_packages(path) check parameters
[0.115s] Level 1:colcon.colcon_core.package_discovery:discover_packages(colcon_meta) discover
[0.115s] Level 1:colcon.colcon_core.package_discovery:discover_packages(recursive) discover
[0.115s] INFO:colcon.colcon_core.package_discovery:Crawling recursively for packages in '/home/seojun/바탕화면/ros2_ws'
[0.115s] Level 1:colcon.colcon_core.package_identification:_identify(.) by extensions ['ignore', 'ignore_ament_install']
[0.115s] Level 1:colcon.colcon_core.package_identification:_identify(.) by extension 'ignore'
[0.115s] Level 1:colcon.colcon_core.package_identification:_identify(.) by extension 'ignore_ament_install'
[0.116s] Level 1:colcon.colcon_core.package_identification:_identify(.) by extensions ['colcon_pkg']
[0.116s] Level 1:colcon.colcon_core.package_identification:_identify(.) by extension 'colcon_pkg'
[0.116s] Level 1:colcon.colcon_core.package_identification:_identify(.) by extensions ['colcon_meta']
[0.116s] Level 1:colcon.colcon_core.package_identification:_identify(.) by extension 'colcon_meta'
[0.116s] Level 1:colcon.colcon_core.package_identification:_identify(.) by extensions ['ros']
[0.116s] Level 1:colcon.colcon_core.package_identification:_identify(.) by extension 'ros'
[0.136s] Level 1:colcon.colcon_core.package_identification:_identify(.) by extensions ['cmake', 'python']
[0.136s] Level 1:colcon.colcon_core.package_identification:_identify(.) by extension 'cmake'
[0.136s] Level 1:colcon.colcon_core.package_identification:_identify(.) by extension 'python'
[0.136s] Level 1:colcon.colcon_core.package_identification:_identify(.) by extensions ['python_setup_py']
[0.136s] Level 1:colcon.colcon_core.package_identification:_identify(.) by extension 'python_setup_py'
[0.136s] Level 1:colcon.colcon_core.package_identification:_identify(build) by extensions ['ignore', 'ignore_ament_install']
[0.136s] Level 1:colcon.colcon_core.package_identification:_identify(build) by extension 'ignore'
[0.136s] Level 1:colcon.colcon_core.package_identification:_identify(build) ignored
[0.137s] Level 1:colcon.colcon_core.package_identification:_identify(install) by extensions ['ignore', 'ignore_ament_install']
[0.137s] Level 1:colcon.colcon_core.package_identification:_identify(install) by extension 'ignore'
[0.137s] Level 1:colcon.colcon_core.package_identification:_identify(install) ignored
[0.137s] Level 1:colcon.colcon_core.package_identification:_identify(log) by extensions ['ignore', 'ignore_ament_install']
[0.137s] Level 1:colcon.colcon_core.package_identification:_identify(log) by extension 'ignore'
[0.137s] Level 1:colcon.colcon_core.package_identification:_identify(log) ignored
[0.137s] Level 1:colcon.colcon_core.package_identification:_identify(src) by extensions ['ignore', 'ignore_ament_install']
[0.137s] Level 1:colcon.colcon_core.package_identification:_identify(src) by extension 'ignore'
[0.137s] Level 1:colcon.colcon_core.package_identification:_identify(src) by extension 'ignore_ament_install'
[0.137s] Level 1:colcon.colcon_core.package_identification:_identify(src) by extensions ['colcon_pkg']
[0.137s] Level 1:colcon.colcon_core.package_identification:_identify(src) by extension 'colcon_pkg'
[0.137s] Level 1:colcon.colcon_core.package_identification:_identify(src) by extensions ['colcon_meta']
[0.137s] Level 1:colcon.colcon_core.package_identification:_identify(src) by extension 'colcon_meta'
[0.137s] Level 1:colcon.colcon_core.package_identification:_identify(src) by extensions ['ros']
[0.137s] Level 1:colcon.colcon_core.package_identification:_identify(src) by extension 'ros'
[0.137s] Level 1:colcon.colcon_core.package_identification:_identify(src) by extensions ['cmake', 'python']
[0.137s] Level 1:colcon.colcon_core.package_identification:_identify(src) by extension 'cmake'
[0.137s] Level 1:colcon.colcon_core.package_identification:_identify(src) by extension 'python'
[0.137s] Level 1:colcon.colcon_core.package_identification:_identify(src) by extensions ['python_setup_py']
[0.137s] Level 1:colcon.colcon_core.package_identification:_identify(src) by extension 'python_setup_py'
[0.137s] Level 1:colcon.colcon_core.package_identification:_identify(src/racing_car_pkg) by extensions ['ignore', 'ignore_ament_install']
[0.137s] Level 1:colcon.colcon_core.package_identification:_identify(src/racing_car_pkg) by extension 'ignore'
[0.138s] Level 1:colcon.colcon_core.package_identification:_identify(src/racing_car_pkg) by extension 'ignore_ament_install'
[0.138s] Level 1:colcon.colcon_core.package_identification:_identify(src/racing_car_pkg) by extensions ['colcon_pkg']
[0.138s] Level 1:colcon.colcon_core.package_identification:_identify(src/racing_car_pkg) by extension 'colcon_pkg'
[0.138s] Level 1:colcon.colcon_core.package_identification:_identify(src/racing_car_pkg) by extensions ['colcon_meta']
[0.138s] Level 1:colcon.colcon_core.package_identification:_identify(src/racing_car_pkg) by extension 'colcon_meta'
[0.138s] Level 1:colcon.colcon_core.package_identification:_identify(src/racing_car_pkg) by extensions ['ros']
[0.138s] Level 1:colcon.colcon_core.package_identification:_identify(src/racing_car_pkg) by extension 'ros'
[0.140s] DEBUG:colcon.colcon_core.package_identification:Package 'src/racing_car_pkg' with type 'ros.ament_python' and name 'racing_car_pkg'
[0.140s] Level 1:colcon.colcon_core.package_identification:_identify(src/racing_pkg) by extensions ['ignore', 'ignore_ament_install']
[0.141s] Level 1:colcon.colcon_core.package_identification:_identify(src/racing_pkg) by extension 'ignore'
[0.141s] Level 1:colcon.colcon_core.package_identification:_identify(src/racing_pkg) by extension 'ignore_ament_install'
[0.141s] Level 1:colcon.colcon_core.package_identification:_identify(src/racing_pkg) by extensions ['colcon_pkg']
[0.141s] Level 1:colcon.colcon_core.package_identification:_identify(src/racing_pkg) by extension 'colcon_pkg'
[0.141s] Level 1:colcon.colcon_core.package_identification:_identify(src/racing_pkg) by extensions ['colcon_meta']
[0.141s] Level 1:colcon.colcon_core.package_identification:_identify(src/racing_pkg) by extension 'colcon_meta'
[0.141s] Level 1:colcon.colcon_core.package_identification:_identify(src/racing_pkg) by extensions ['ros']
[0.141s] Level 1:colcon.colcon_core.package_identification:_identify(src/racing_pkg) by extension 'ros'
[0.141s] DEBUG:colcon.colcon_core.package_identification:Package 'src/racing_pkg' with type 'ros.ament_cmake' and name 'racing_pkg'
[0.142s] Level 1:colcon.colcon_core.package_discovery:discover_packages(recursive) using defaults
[0.142s] Level 1:colcon.colcon_core.package_discovery:discover_packages(ignore) discover
[0.142s] Level 1:colcon.colcon_core.package_discovery:discover_packages(ignore) using defaults
[0.142s] Level 1:colcon.colcon_core.package_discovery:discover_packages(path) discover
[0.142s] Level 1:colcon.colcon_core.package_discovery:discover_packages(path) using defaults
[0.156s] Level 1:colcon.colcon_core.package_discovery:discover_packages(prefix_path) check parameters
[0.157s] Level 1:colcon.colcon_core.package_discovery:discover_packages(prefix_path) discover
[0.158s] DEBUG:colcon.colcon_installed_package_information.package_discovery:Found 2 installed packages in /home/seojun/바탕화면/ros2_ws/install
[0.159s] DEBUG:colcon.colcon_installed_package_information.package_discovery:Found 319 installed packages in /opt/ros/jazzy
[0.160s] Level 1:colcon.colcon_core.package_discovery:discover_packages(prefix_path) using defaults
[0.189s] Level 5:colcon.colcon_core.verb:set package 'racing_car_pkg' build argument 'cmake_args' from command line to 'None'
[0.189s] Level 5:colcon.colcon_core.verb:set package 'racing_car_pkg' build argument 'cmake_target' from command line to 'None'
[0.189s] Level 5:colcon.colcon_core.verb:set package 'racing_car_pkg' build argument 'cmake_target_skip_unavailable' from command line to 'False'
[0.189s] Level 5:colcon.colcon_core.verb:set package 'racing_car_pkg' build argument 'cmake_clean_cache' from command line to 'False'
[0.189s] Level 5:colcon.colcon_core.verb:set package 'racing_car_pkg' build argument 'cmake_clean_first' from command line to 'False'
[0.189s] Level 5:colcon.colcon_core.verb:set package 'racing_car_pkg' build argument 'cmake_force_configure' from command line to 'False'
[0.189s] Level 5:colcon.colcon_core.verb:set package 'racing_car_pkg' build argument 'ament_cmake_args' from command line to 'None'
[0.189s] Level 5:colcon.colcon_core.verb:set package 'racing_car_pkg' build argument 'catkin_cmake_args' from command line to 'None'
[0.189s] Level 5:colcon.colcon_core.verb:set package 'racing_car_pkg' build argument 'catkin_skip_building_tests' from command line to 'False'
[0.189s] DEBUG:colcon.colcon_core.verb:Building package 'racing_car_pkg' with the following arguments: {'ament_cmake_args': None, 'build_base': '/home/seojun/바탕화면/ros2_ws/build/racing_car_pkg', 'catkin_cmake_args': None, 'catkin_skip_building_tests': False, 'cmake_args': None, 'cmake_clean_cache': False, 'cmake_clean_first': False, 'cmake_force_configure': False, 'cmake_target': None, 'cmake_target_skip_unavailable': False, 'install_base': '/home/seojun/바탕화면/ros2_ws/install/racing_car_pkg', 'merge_install': False, 'path': '/home/seojun/바탕화면/ros2_ws/src/racing_car_pkg', 'symlink_install': True, 'test_result_base': None}
[0.189s] Level 5:colcon.colcon_core.verb:set package 'racing_pkg' build argument 'cmake_args' from command line to 'None'
[0.189s] Level 5:colcon.colcon_core.verb:set package 'racing_pkg' build argument 'cmake_target' from command line to 'None'
[0.189s] Level 5:colcon.colcon_core.verb:set package 'racing_pkg' build argument 'cmake_target_skip_unavailable' from command line to 'False'
[0.189s] Level 5:colcon.colcon_core.verb:set package 'racing_pkg' build argument 'cmake_clean_cache' from command line to 'False'
[0.189s] Level 5:colcon.colcon_core.verb:set package 'racing_pkg' build argument 'cmake_clean_first' from command line to 'False'
[0.189s] Level 5:colcon.colcon_core.verb:set package 'racing_pkg' build argument 'cmake_force_configure' from command line to 'False'
[0.189s] Level 5:colcon.colcon_core.verb:set package 'racing_pkg' build argument 'ament_cmake_args' from command line to 'None'
[0.190s] Level 5:colcon.colcon_core.verb:set package 'racing_pkg' build argument 'catkin_cmake_args' from command line to 'None'
[0.190s] Level 5:colcon.colcon_core.verb:set package 'racing_pkg' build argument 'catkin_skip_building_tests' from command line to 'False'
[0.190s] DEBUG:colcon.colcon_core.verb:Building package 'racing_pkg' with the following arguments: {'ament_cmake_args': None, 'build_base': '/home/seojun/바탕화면/ros2_ws/build/racing_pkg', 'catkin_cmake_args': None, 'catkin_skip_building_tests': False, 'cmake_args': None, 'cmake_clean_cache': False, 'cmake_clean_first': False, 'cmake_force_configure': False, 'cmake_target': None, 'cmake_target_skip_unavailable': False, 'install_base': '/home/seojun/바탕화면/ros2_ws/install/racing_pkg', 'merge_install': False, 'path': '/home/seojun/바탕화면/ros2_ws/src/racing_pkg', 'symlink_install': True, 'test_result_base': None}
[0.190s] INFO:colcon.colcon_core.executor:Executing jobs using 'parallel' executor
[0.191s] DEBUG:colcon.colcon_parallel_executor.executor.parallel:run_until_complete
[0.191s] INFO:colcon.colcon_ros.task.ament_python.build:Building ROS package in '/home/seojun/바탕화면/ros2_ws/src/racing_car_pkg' with build type 'ament_python'
[0.191s] Level 1:colcon.colcon_core.shell:create_environment_hook('racing_car_pkg', 'ament_prefix_path')
[0.193s] INFO:colcon.colcon_core.plugin_system:Skipping extension 'colcon_core.shell.bat': Not used on non-Windows systems
[0.193s] INFO:colcon.colcon_core.shell:Creating environment hook '/home/seojun/바탕화면/ros2_ws/install/racing_car_pkg/share/racing_car_pkg/hook/ament_prefix_path.ps1'
[0.193s] INFO:colcon.colcon_core.shell:Creating environment descriptor '/home/seojun/바탕화면/ros2_ws/install/racing_car_pkg/share/racing_car_pkg/hook/ament_prefix_path.dsv'
[0.194s] INFO:colcon.colcon_core.shell:Creating environment hook '/home/seojun/바탕화면/ros2_ws/install/racing_car_pkg/share/racing_car_pkg/hook/ament_prefix_path.sh'
[0.194s] INFO:colcon.colcon_core.shell:Skip shell extension 'powershell' for command environment: Not usable outside of PowerShell
[0.194s] DEBUG:colcon.colcon_core.shell:Skip shell extension 'dsv' for command environment
[0.197s] INFO:colcon.colcon_ros.task.ament_cmake.build:Building ROS package in '/home/seojun/바탕화면/ros2_ws/src/racing_pkg' with build type 'ament_cmake'
[0.197s] INFO:colcon.colcon_cmake.task.cmake.build:Building CMake package in '/home/seojun/바탕화면/ros2_ws/src/racing_pkg'
[0.197s] INFO:colcon.colcon_core.shell:Skip shell extension 'powershell' for command environment: Not usable outside of PowerShell
[0.197s] DEBUG:colcon.colcon_core.shell:Skip shell extension 'dsv' for command environment
[0.400s] INFO:colcon.colcon_core.task.python.build:Building Python package in '/home/seojun/바탕화면/ros2_ws/src/racing_car_pkg'
[0.400s] INFO:colcon.colcon_core.shell:Skip shell extension 'powershell' for command environment: Not usable outside of PowerShell
[0.400s] DEBUG:colcon.colcon_core.shell:Skip shell extension 'dsv' for command environment
[0.411s] DEBUG:colcon.colcon_core.event_handler.log_command:Invoking command in '/home/seojun/바탕화면/ros2_ws/build/racing_pkg': CMAKE_PREFIX_PATH=${CMAKE_PREFIX_PATH}:/home/seojun/바탕화면/ros2_ws/install/racing_car_pkg:/opt/ros/jazzy DEBUGINFOD_URLS=https://debuginfod.ubuntu.com /usr/bin/cmake --build /home/seojun/바탕화면/ros2_ws/build/racing_pkg -- -j8 -l8
[0.947s] DEBUG:colcon.colcon_core.event_handler.log_command:Invoking command in '/home/seojun/바탕화면/ros2_ws/build/racing_car_pkg': DEBUGINFOD_URLS=https://debuginfod.ubuntu.com PYTHONPATH=/home/seojun/바탕화면/ros2_ws/build/racing_car_pkg/prefix_override:/usr/lib/python3/dist-packages/colcon_core/task/python/colcon_distutils_commands:/home/seojun/바탕화면/ros2_ws/install/racing_car_pkg/lib/python3.12/site-packages:${PYTHONPATH} /usr/bin/python3 -W ignore:setup.py install is deprecated -W ignore:easy_install command is deprecated setup.py develop --editable --build-directory /home/seojun/바탕화면/ros2_ws/build/racing_car_pkg/build --no-deps symlink_data
[1.374s] DEBUG:colcon.colcon_core.event_handler.log_command:Invoked command in '/home/seojun/바탕화면/ros2_ws/build/racing_pkg' returned '0': CMAKE_PREFIX_PATH=${CMAKE_PREFIX_PATH}:/home/seojun/바탕화면/ros2_ws/install/racing_car_pkg:/opt/ros/jazzy DEBUGINFOD_URLS=https://debuginfod.ubuntu.com /usr/bin/cmake --build /home/seojun/바탕화면/ros2_ws/build/racing_pkg -- -j8 -l8
[1.387s] DEBUG:colcon.colcon_core.event_handler.log_command:Invoking command in '/home/seojun/바탕화면/ros2_ws/build/racing_pkg': CMAKE_PREFIX_PATH=${CMAKE_PREFIX_PATH}:/home/seojun/바탕화면/ros2_ws/install/racing_car_pkg:/opt/ros/jazzy DEBUGINFOD_URLS=https://debuginfod.ubuntu.com /usr/bin/cmake --install /home/seojun/바탕화면/ros2_ws/build/racing_pkg
[1.437s] Level 1:colcon.colcon_core.environment:create_environment_scripts_only(racing_pkg)
[1.438s] DEBUG:colcon.colcon_core.event_handler.log_command:Invoked command in '/home/seojun/바탕화면/ros2_ws/build/racing_pkg' returned '0': CMAKE_PREFIX_PATH=${CMAKE_PREFIX_PATH}:/home/seojun/바탕화면/ros2_ws/install/racing_car_pkg:/opt/ros/jazzy DEBUGINFOD_URLS=https://debuginfod.ubuntu.com /usr/bin/cmake --install /home/seojun/바탕화면/ros2_ws/build/racing_pkg
[1.440s] Level 1:colcon.colcon_core.environment:checking '/home/seojun/바탕화면/ros2_ws/install/racing_pkg' for CMake module files
[1.441s] Level 1:colcon.colcon_core.environment:checking '/home/seojun/바탕화면/ros2_ws/install/racing_pkg' for CMake config files
[1.441s] Level 1:colcon.colcon_core.shell:create_environment_hook('racing_pkg', 'cmake_prefix_path')
[1.442s] INFO:colcon.colcon_core.shell:Creating environment hook '/home/seojun/바탕화면/ros2_ws/install/racing_pkg/share/racing_pkg/hook/cmake_prefix_path.ps1'
[1.442s] INFO:colcon.colcon_core.shell:Creating environment descriptor '/home/seojun/바탕화면/ros2_ws/install/racing_pkg/share/racing_pkg/hook/cmake_prefix_path.dsv'
[1.443s] INFO:colcon.colcon_core.shell:Creating environment hook '/home/seojun/바탕화면/ros2_ws/install/racing_pkg/share/racing_pkg/hook/cmake_prefix_path.sh'
[1.444s] Level 1:colcon.colcon_core.environment:checking '/home/seojun/바탕화면/ros2_ws/install/racing_pkg/lib'
[1.444s] Level 1:colcon.colcon_core.environment:checking '/home/seojun/바탕화면/ros2_ws/install/racing_pkg/bin'
[1.444s] Level 1:colcon.colcon_core.environment:checking '/home/seojun/바탕화면/ros2_ws/install/racing_pkg/lib/pkgconfig/racing_pkg.pc'
[1.444s] Level 1:colcon.colcon_core.environment:checking '/home/seojun/바탕화면/ros2_ws/install/racing_pkg/lib/python3.12/site-packages'
[1.445s] Level 1:colcon.colcon_core.environment:checking '/home/seojun/바탕화면/ros2_ws/install/racing_pkg/bin'
[1.445s] INFO:colcon.colcon_core.shell:Creating package script '/home/seojun/바탕화면/ros2_ws/install/racing_pkg/share/racing_pkg/package.ps1'
[1.447s] INFO:colcon.colcon_core.shell:Creating package descriptor '/home/seojun/바탕화면/ros2_ws/install/racing_pkg/share/racing_pkg/package.dsv'
[1.447s] INFO:colcon.colcon_core.shell:Creating package script '/home/seojun/바탕화면/ros2_ws/install/racing_pkg/share/racing_pkg/package.sh'
[1.448s] INFO:colcon.colcon_core.shell:Creating package script '/home/seojun/바탕화면/ros2_ws/install/racing_pkg/share/racing_pkg/package.bash'
[1.449s] INFO:colcon.colcon_core.shell:Creating package script '/home/seojun/바탕화면/ros2_ws/install/racing_pkg/share/racing_pkg/package.zsh'
[1.449s] Level 1:colcon.colcon_core.environment:create_file_with_runtime_dependencies(/home/seojun/바탕화면/ros2_ws/install/racing_pkg/share/colcon-core/packages/racing_pkg)
[1.450s] Level 1:colcon.colcon_core.environment:create_environment_scripts_only(racing_pkg)
[1.450s] Level 1:colcon.colcon_core.environment:checking '/home/seojun/바탕화면/ros2_ws/install/racing_pkg' for CMake module files
[1.451s] Level 1:colcon.colcon_core.environment:checking '/home/seojun/바탕화면/ros2_ws/install/racing_pkg' for CMake config files
[1.451s] Level 1:colcon.colcon_core.shell:create_environment_hook('racing_pkg', 'cmake_prefix_path')
[1.452s] INFO:colcon.colcon_core.shell:Creating environment hook '/home/seojun/바탕화면/ros2_ws/install/racing_pkg/share/racing_pkg/hook/cmake_prefix_path.ps1'
[1.452s] INFO:colcon.colcon_core.shell:Creating environment descriptor '/home/seojun/바탕화면/ros2_ws/install/racing_pkg/share/racing_pkg/hook/cmake_prefix_path.dsv'
[1.453s] INFO:colcon.colcon_core.shell:Creating environment hook '/home/seojun/바탕화면/ros2_ws/install/racing_pkg/share/racing_pkg/hook/cmake_prefix_path.sh'
[1.454s] Level 1:colcon.colcon_core.environment:checking '/home/seojun/바탕화면/ros2_ws/install/racing_pkg/lib'
[1.454s] Level 1:colcon.colcon_core.environment:checking '/home/seojun/바탕화면/ros2_ws/install/racing_pkg/bin'
[1.454s] Level 1:colcon.colcon_core.environment:checking '/home/seojun/바탕화면/ros2_ws/install/racing_pkg/lib/pkgconfig/racing_pkg.pc'
[1.454s] Level 1:colcon.colcon_core.environment:checking '/home/seojun/바탕화면/ros2_ws/install/racing_pkg/lib/python3.12/site-packages'
[1.454s] Level 1:colcon.colcon_core.environment:checking '/home/seojun/바탕화면/ros2_ws/install/racing_pkg/bin'
[1.455s] INFO:colcon.colcon_core.shell:Creating package script '/home/seojun/바탕화면/ros2_ws/install/racing_pkg/share/racing_pkg/package.ps1'
[1.456s] INFO:colcon.colcon_core.shell:Creating package descriptor '/home/seojun/바탕화면/ros2_ws/install/racing_pkg/share/racing_pkg/package.dsv'
[1.456s] INFO:colcon.colcon_core.shell:Creating package script '/home/seojun/바탕화면/ros2_ws/install/racing_pkg/share/racing_pkg/package.sh'
[1.457s] INFO:colcon.colcon_core.shell:Creating package script '/home/seojun/바탕화면/ros2_ws/install/racing_pkg/share/racing_pkg/package.bash'
[1.457s] INFO:colcon.colcon_core.shell:Creating package script '/home/seojun/바탕화면/ros2_ws/install/racing_pkg/share/racing_pkg/package.zsh'
[1.457s] Level 1:colcon.colcon_core.environment:create_file_with_runtime_dependencies(/home/seojun/바탕화면/ros2_ws/install/racing_pkg/share/colcon-core/packages/racing_pkg)
[1.459s] Level 1:colcon.colcon_core.shell:create_environment_hook('racing_car_pkg', 'pythonpath_develop')
[1.459s] INFO:colcon.colcon_core.shell:Creating environment hook '/home/seojun/바탕화면/ros2_ws/build/racing_car_pkg/share/racing_car_pkg/hook/pythonpath_develop.ps1'
[1.460s] INFO:colcon.colcon_core.shell:Creating environment descriptor '/home/seojun/바탕화면/ros2_ws/build/racing_car_pkg/share/racing_car_pkg/hook/pythonpath_develop.dsv'
[1.460s] DEBUG:colcon.colcon_core.event_handler.log_command:Invoked command in '/home/seojun/바탕화면/ros2_ws/build/racing_car_pkg' returned '0': DEBUGINFOD_URLS=https://debuginfod.ubuntu.com PYTHONPATH=/home/seojun/바탕화면/ros2_ws/build/racing_car_pkg/prefix_override:/usr/lib/python3/dist-packages/colcon_core/task/python/colcon_distutils_commands:/home/seojun/바탕화면/ros2_ws/install/racing_car_pkg/lib/python3.12/site-packages:${PYTHONPATH} /usr/bin/python3 -W ignore:setup.py install is deprecated -W ignore:easy_install command is deprecated setup.py develop --editable --build-directory /home/seojun/바탕화면/ros2_ws/build/racing_car_pkg/build --no-deps symlink_data
[1.461s] INFO:colcon.colcon_core.shell:Creating environment hook '/home/seojun/바탕화면/ros2_ws/build/racing_car_pkg/share/racing_car_pkg/hook/pythonpath_develop.sh'
[1.461s] Level 1:colcon.colcon_core.environment:checking '/home/seojun/바탕화면/ros2_ws/install/racing_car_pkg' for CMake module files
[1.462s] Level 1:colcon.colcon_core.environment:checking '/home/seojun/바탕화면/ros2_ws/install/racing_car_pkg' for CMake config files
[1.463s] Level 1:colcon.colcon_core.environment:checking '/home/seojun/바탕화면/ros2_ws/install/racing_car_pkg/lib'
[1.463s] Level 1:colcon.colcon_core.environment:checking '/home/seojun/바탕화면/ros2_ws/install/racing_car_pkg/bin'
[1.463s] Level 1:colcon.colcon_core.environment:checking '/home/seojun/바탕화면/ros2_ws/install/racing_car_pkg/lib/pkgconfig/racing_car_pkg.pc'
[1.463s] Level 1:colcon.colcon_core.environment:checking '/home/seojun/바탕화면/ros2_ws/install/racing_car_pkg/lib/python3.12/site-packages'
[1.463s] Level 1:colcon.colcon_core.shell:create_environment_hook('racing_car_pkg', 'pythonpath')
[1.464s] INFO:colcon.colcon_core.shell:Creating environment hook '/home/seojun/바탕화면/ros2_ws/install/racing_car_pkg/share/racing_car_pkg/hook/pythonpath.ps1'
[1.464s] INFO:colcon.colcon_core.shell:Creating environment descriptor '/home/seojun/바탕화면/ros2_ws/install/racing_car_pkg/share/racing_car_pkg/hook/pythonpath.dsv'
[1.465s] INFO:colcon.colcon_core.shell:Creating environment hook '/home/seojun/바탕화면/ros2_ws/install/racing_car_pkg/share/racing_car_pkg/hook/pythonpath.sh'
[1.465s] Level 1:colcon.colcon_core.environment:checking '/home/seojun/바탕화면/ros2_ws/install/racing_car_pkg/bin'
[1.466s] Level 1:colcon.colcon_core.environment:create_environment_scripts_only(racing_car_pkg)
[1.466s] INFO:colcon.colcon_core.shell:Creating package script '/home/seojun/바탕화면/ros2_ws/install/racing_car_pkg/share/racing_car_pkg/package.ps1'
[1.467s] INFO:colcon.colcon_core.shell:Creating package descriptor '/home/seojun/바탕화면/ros2_ws/install/racing_car_pkg/share/racing_car_pkg/package.dsv'
[1.468s] INFO:colcon.colcon_core.shell:Creating package script '/home/seojun/바탕화면/ros2_ws/install/racing_car_pkg/share/racing_car_pkg/package.sh'
[1.468s] INFO:colcon.colcon_core.shell:Creating package script '/home/seojun/바탕화면/ros2_ws/install/racing_car_pkg/share/racing_car_pkg/package.bash'
[1.469s] INFO:colcon.colcon_core.shell:Creating package script '/home/seojun/바탕화면/ros2_ws/install/racing_car_pkg/share/racing_car_pkg/package.zsh'
[1.469s] Level 1:colcon.colcon_core.environment:create_file_with_runtime_dependencies(/home/seojun/바탕화면/ros2_ws/install/racing_car_pkg/share/colcon-core/packages/racing_car_pkg)
[1.469s] DEBUG:colcon.colcon_parallel_executor.executor.parallel:closing loop
[1.470s] DEBUG:colcon.colcon_parallel_executor.executor.parallel:loop closed
[1.470s] DEBUG:colcon.colcon_parallel_executor.executor.parallel:run_until_complete finished with '0'
[1.470s] DEBUG:colcon.colcon_core.event_reactor:joining thread
[1.476s] INFO:colcon.colcon_core.plugin_system:Skipping extension 'colcon_notification.desktop_notification.terminal_notifier': Not used on non-Darwin systems
[1.476s] INFO:colcon.colcon_core.plugin_system:Skipping extension 'colcon_notification.desktop_notification.win32': Not used on non-Windows systems
[1.476s] INFO:colcon.colcon_notification.desktop_notification:Sending desktop notification using 'notify2'
[1.492s] DEBUG:colcon.colcon_core.event_reactor:joined thread
[1.492s] INFO:colcon.colcon_core.shell:Creating prefix script '/home/seojun/바탕화면/ros2_ws/install/local_setup.ps1'
[1.493s] INFO:colcon.colcon_core.shell:Creating prefix util module '/home/seojun/바탕화면/ros2_ws/install/_local_setup_util_ps1.py'
[1.495s] INFO:colcon.colcon_core.shell:Creating prefix chain script '/home/seojun/바탕화면/ros2_ws/install/setup.ps1'
[1.496s] INFO:colcon.colcon_core.shell:Creating prefix script '/home/seojun/바탕화면/ros2_ws/install/local_setup.sh'
[1.497s] INFO:colcon.colcon_core.shell:Creating prefix util module '/home/seojun/바탕화면/ros2_ws/install/_local_setup_util_sh.py'
[1.498s] INFO:colcon.colcon_core.shell:Creating prefix chain script '/home/seojun/바탕화면/ros2_ws/install/setup.sh'
[1.499s] INFO:colcon.colcon_core.shell:Creating prefix script '/home/seojun/바탕화면/ros2_ws/install/local_setup.bash'
[1.500s] INFO:colcon.colcon_core.shell:Creating prefix chain script '/home/seojun/바탕화면/ros2_ws/install/setup.bash'
[1.501s] INFO:colcon.colcon_core.shell:Creating prefix script '/home/seojun/바탕화면/ros2_ws/install/local_setup.zsh'
[1.502s] INFO:colcon.colcon_core.shell:Creating prefix chain script '/home/seojun/바탕화면/ros2_ws/install/setup.zsh'
