[0.081s] DEBUG:colcon:Command line arguments: ['/usr/bin/colcon', 'build', '--symlink-install']
[0.081s] DEBUG:colcon:Parsed command line arguments: Namespace(log_base=None, log_level=None, verb_name='build', build_base='build', install_base='install', merge_install=False, symlink_install=True, test_result_base=None, continue_on_error=False, executor='parallel', parallel_workers=8, event_handlers=None, ignore_user_meta=False, metas=['./colcon.meta'], base_paths=['.'], packages_ignore=None, packages_ignore_regex=None, paths=None, packages_up_to=None, packages_up_to_regex=None, packages_above=None, packages_above_and_dependencies=None, packages_above_depth=None, packages_select_by_dep=None, packages_skip_by_dep=None, packages_skip_up_to=None, packages_select_build_failed=False, packages_skip_build_finished=False, packages_select_test_failures=False, packages_skip_test_passed=False, packages_select=None, packages_skip=None, packages_select_regex=None, packages_skip_regex=None, packages_start=None, packages_end=None, allow_overriding=[], cmake_args=None, cmake_target=None, cmake_target_skip_unavailable=False, cmake_clean_cache=False, cmake_clean_first=False, cmake_force_configure=False, ament_cmake_args=None, catkin_cmake_args=None, catkin_skip_building_tests=False, verb_parser=<colcon_defaults.argument_parser.defaults.DefaultArgumentsDecorator object at 0x7fb20f36af00>, verb_extension=<colcon_core.verb.build.BuildVerb object at 0x7fb20f36ad20>, main=<bound method BuildVerb.main of <colcon_core.verb.build.BuildVerb object at 0x7fb20f36ad20>>)
[0.113s] Level 1:colcon.colcon_core.package_discovery:discover_packages(colcon_meta) check parameters
[0.113s] Level 1:colcon.colcon_core.package_discovery:discover_packages(recursive) check parameters
[0.113s] Level 1:colcon.colcon_core.package_discovery:discover_packages(ignore) check parameters
[0.113s] Level 1:colcon.colcon_core.package_discovery:discover_packages(path) check parameters
[0.113s] Level 1:colcon.colcon_core.package_discovery:discover_packages(colcon_meta) discover
[0.113s] Level 1:colcon.colcon_core.package_discovery:discover_packages(recursive) discover
[0.113s] INFO:colcon.colcon_core.package_discovery:Crawling recursively for packages in '/home/seojun/바탕화면/ros2_ws'
[0.113s] Level 1:colcon.colcon_core.package_identification:_identify(.) by extensions ['ignore', 'ignore_ament_install']
[0.114s] Level 1:colcon.colcon_core.package_identification:_identify(.) by extension 'ignore'
[0.114s] Level 1:colcon.colcon_core.package_identification:_identify(.) by extension 'ignore_ament_install'
[0.114s] Level 1:colcon.colcon_core.package_identification:_identify(.) by extensions ['colcon_pkg']
[0.114s] Level 1:colcon.colcon_core.package_identification:_identify(.) by extension 'colcon_pkg'
[0.114s] Level 1:colcon.colcon_core.package_identification:_identify(.) by extensions ['colcon_meta']
[0.114s] Level 1:colcon.colcon_core.package_identification:_identify(.) by extension 'colcon_meta'
[0.114s] Level 1:colcon.colcon_core.package_identification:_identify(.) by extensions ['ros']
[0.114s] Level 1:colcon.colcon_core.package_identification:_identify(.) by extension 'ros'
[0.135s] Level 1:colcon.colcon_core.package_identification:_identify(.) by extensions ['cmake', 'python']
[0.135s] Level 1:colcon.colcon_core.package_identification:_identify(.) by extension 'cmake'
[0.135s] Level 1:colcon.colcon_core.package_identification:_identify(.) by extension 'python'
[0.135s] Level 1:colcon.colcon_core.package_identification:_identify(.) by extensions ['python_setup_py']
[0.135s] Level 1:colcon.colcon_core.package_identification:_identify(.) by extension 'python_setup_py'
[0.135s] Level 1:colcon.colcon_core.package_identification:_identify(build) by extensions ['ignore', 'ignore_ament_install']
[0.135s] Level 1:colcon.colcon_core.package_identification:_identify(build) by extension 'ignore'
[0.135s] Level 1:colcon.colcon_core.package_identification:_identify(build) ignored
[0.135s] Level 1:colcon.colcon_core.package_identification:_identify(install) by extensions ['ignore', 'ignore_ament_install']
[0.135s] Level 1:colcon.colcon_core.package_identification:_identify(install) by extension 'ignore'
[0.135s] Level 1:colcon.colcon_core.package_identification:_identify(install) ignored
[0.135s] Level 1:colcon.colcon_core.package_identification:_identify(log) by extensions ['ignore', 'ignore_ament_install']
[0.135s] Level 1:colcon.colcon_core.package_identification:_identify(log) by extension 'ignore'
[0.136s] Level 1:colcon.colcon_core.package_identification:_identify(log) ignored
[0.136s] Level 1:colcon.colcon_core.package_identification:_identify(src) by extensions ['ignore', 'ignore_ament_install']
[0.136s] Level 1:colcon.colcon_core.package_identification:_identify(src) by extension 'ignore'
[0.136s] Level 1:colcon.colcon_core.package_identification:_identify(src) by extension 'ignore_ament_install'
[0.136s] Level 1:colcon.colcon_core.package_identification:_identify(src) by extensions ['colcon_pkg']
[0.136s] Level 1:colcon.colcon_core.package_identification:_identify(src) by extension 'colcon_pkg'
[0.136s] Level 1:colcon.colcon_core.package_identification:_identify(src) by extensions ['colcon_meta']
[0.136s] Level 1:colcon.colcon_core.package_identification:_identify(src) by extension 'colcon_meta'
[0.136s] Level 1:colcon.colcon_core.package_identification:_identify(src) by extensions ['ros']
[0.136s] Level 1:colcon.colcon_core.package_identification:_identify(src) by extension 'ros'
[0.136s] Level 1:colcon.colcon_core.package_identification:_identify(src) by extensions ['cmake', 'python']
[0.136s] Level 1:colcon.colcon_core.package_identification:_identify(src) by extension 'cmake'
[0.136s] Level 1:colcon.colcon_core.package_identification:_identify(src) by extension 'python'
[0.136s] Level 1:colcon.colcon_core.package_identification:_identify(src) by extensions ['python_setup_py']
[0.136s] Level 1:colcon.colcon_core.package_identification:_identify(src) by extension 'python_setup_py'
[0.136s] Level 1:colcon.colcon_core.package_identification:_identify(src/racing_car_pkg) by extensions ['ignore', 'ignore_ament_install']
[0.136s] Level 1:colcon.colcon_core.package_identification:_identify(src/racing_car_pkg) by extension 'ignore'
[0.136s] Level 1:colcon.colcon_core.package_identification:_identify(src/racing_car_pkg) by extension 'ignore_ament_install'
[0.136s] Level 1:colcon.colcon_core.package_identification:_identify(src/racing_car_pkg) by extensions ['colcon_pkg']
[0.136s] Level 1:colcon.colcon_core.package_identification:_identify(src/racing_car_pkg) by extension 'colcon_pkg'
[0.136s] Level 1:colcon.colcon_core.package_identification:_identify(src/racing_car_pkg) by extensions ['colcon_meta']
[0.136s] Level 1:colcon.colcon_core.package_identification:_identify(src/racing_car_pkg) by extension 'colcon_meta'
[0.136s] Level 1:colcon.colcon_core.package_identification:_identify(src/racing_car_pkg) by extensions ['ros']
[0.136s] Level 1:colcon.colcon_core.package_identification:_identify(src/racing_car_pkg) by extension 'ros'
[0.139s] DEBUG:colcon.colcon_core.package_identification:Package 'src/racing_car_pkg' with type 'ros.ament_python' and name 'racing_car_pkg'
[0.139s] Level 1:colcon.colcon_core.package_identification:_identify(src/racing_pkg) by extensions ['ignore', 'ignore_ament_install']
[0.139s] Level 1:colcon.colcon_core.package_identification:_identify(src/racing_pkg) by extension 'ignore'
[0.139s] Level 1:colcon.colcon_core.package_identification:_identify(src/racing_pkg) by extension 'ignore_ament_install'
[0.139s] Level 1:colcon.colcon_core.package_identification:_identify(src/racing_pkg) by extensions ['colcon_pkg']
[0.139s] Level 1:colcon.colcon_core.package_identification:_identify(src/racing_pkg) by extension 'colcon_pkg'
[0.139s] Level 1:colcon.colcon_core.package_identification:_identify(src/racing_pkg) by extensions ['colcon_meta']
[0.139s] Level 1:colcon.colcon_core.package_identification:_identify(src/racing_pkg) by extension 'colcon_meta'
[0.139s] Level 1:colcon.colcon_core.package_identification:_identify(src/racing_pkg) by extensions ['ros']
[0.139s] Level 1:colcon.colcon_core.package_identification:_identify(src/racing_pkg) by extension 'ros'
[0.140s] DEBUG:colcon.colcon_core.package_identification:Package 'src/racing_pkg' with type 'ros.ament_cmake' and name 'racing_pkg'
[0.140s] Level 1:colcon.colcon_core.package_discovery:discover_packages(recursive) using defaults
[0.140s] Level 1:colcon.colcon_core.package_discovery:discover_packages(ignore) discover
[0.140s] Level 1:colcon.colcon_core.package_discovery:discover_packages(ignore) using defaults
[0.140s] Level 1:colcon.colcon_core.package_discovery:discover_packages(path) discover
[0.140s] Level 1:colcon.colcon_core.package_discovery:discover_packages(path) using defaults
[0.155s] Level 1:colcon.colcon_core.package_discovery:discover_packages(prefix_path) check parameters
[0.156s] Level 1:colcon.colcon_core.package_discovery:discover_packages(prefix_path) discover
[0.157s] DEBUG:colcon.colcon_installed_package_information.package_discovery:Found 2 installed packages in /home/seojun/바탕화면/ros2_ws/install
[0.158s] DEBUG:colcon.colcon_installed_package_information.package_discovery:Found 319 installed packages in /opt/ros/jazzy
[0.158s] Level 1:colcon.colcon_core.package_discovery:discover_packages(prefix_path) using defaults
[0.191s] Level 5:colcon.colcon_core.verb:set package 'racing_car_pkg' build argument 'cmake_args' from command line to 'None'
[0.192s] Level 5:colcon.colcon_core.verb:set package 'racing_car_pkg' build argument 'cmake_target' from command line to 'None'
[0.192s] Level 5:colcon.colcon_core.verb:set package 'racing_car_pkg' build argument 'cmake_target_skip_unavailable' from command line to 'False'
[0.192s] Level 5:colcon.colcon_core.verb:set package 'racing_car_pkg' build argument 'cmake_clean_cache' from command line to 'False'
[0.192s] Level 5:colcon.colcon_core.verb:set package 'racing_car_pkg' build argument 'cmake_clean_first' from command line to 'False'
[0.192s] Level 5:colcon.colcon_core.verb:set package 'racing_car_pkg' build argument 'cmake_force_configure' from command line to 'False'
[0.192s] Level 5:colcon.colcon_core.verb:set package 'racing_car_pkg' build argument 'ament_cmake_args' from command line to 'None'
[0.192s] Level 5:colcon.colcon_core.verb:set package 'racing_car_pkg' build argument 'catkin_cmake_args' from command line to 'None'
[0.192s] Level 5:colcon.colcon_core.verb:set package 'racing_car_pkg' build argument 'catkin_skip_building_tests' from command line to 'False'
[0.192s] DEBUG:colcon.colcon_core.verb:Building package 'racing_car_pkg' with the following arguments: {'ament_cmake_args': None, 'build_base': '/home/seojun/바탕화면/ros2_ws/build/racing_car_pkg', 'catkin_cmake_args': None, 'catkin_skip_building_tests': False, 'cmake_args': None, 'cmake_clean_cache': False, 'cmake_clean_first': False, 'cmake_force_configure': False, 'cmake_target': None, 'cmake_target_skip_unavailable': False, 'install_base': '/home/seojun/바탕화면/ros2_ws/install/racing_car_pkg', 'merge_install': False, 'path': '/home/seojun/바탕화면/ros2_ws/src/racing_car_pkg', 'symlink_install': True, 'test_result_base': None}
[0.192s] Level 5:colcon.colcon_core.verb:set package 'racing_pkg' build argument 'cmake_args' from command line to 'None'
[0.192s] Level 5:colcon.colcon_core.verb:set package 'racing_pkg' build argument 'cmake_target' from command line to 'None'
[0.192s] Level 5:colcon.colcon_core.verb:set package 'racing_pkg' build argument 'cmake_target_skip_unavailable' from command line to 'False'
[0.192s] Level 5:colcon.colcon_core.verb:set package 'racing_pkg' build argument 'cmake_clean_cache' from command line to 'False'
[0.192s] Level 5:colcon.colcon_core.verb:set package 'racing_pkg' build argument 'cmake_clean_first' from command line to 'False'
[0.192s] Level 5:colcon.colcon_core.verb:set package 'racing_pkg' build argument 'cmake_force_configure' from command line to 'False'
[0.192s] Level 5:colcon.colcon_core.verb:set package 'racing_pkg' build argument 'ament_cmake_args' from command line to 'None'
[0.192s] Level 5:colcon.colcon_core.verb:set package 'racing_pkg' build argument 'catkin_cmake_args' from command line to 'None'
[0.192s] Level 5:colcon.colcon_core.verb:set package 'racing_pkg' build argument 'catkin_skip_building_tests' from command line to 'False'
[0.192s] DEBUG:colcon.colcon_core.verb:Building package 'racing_pkg' with the following arguments: {'ament_cmake_args': None, 'build_base': '/home/seojun/바탕화면/ros2_ws/build/racing_pkg', 'catkin_cmake_args': None, 'catkin_skip_building_tests': False, 'cmake_args': None, 'cmake_clean_cache': False, 'cmake_clean_first': False, 'cmake_force_configure': False, 'cmake_target': None, 'cmake_target_skip_unavailable': False, 'install_base': '/home/seojun/바탕화면/ros2_ws/install/racing_pkg', 'merge_install': False, 'path': '/home/seojun/바탕화면/ros2_ws/src/racing_pkg', 'symlink_install': True, 'test_result_base': None}
[0.192s] INFO:colcon.colcon_core.executor:Executing jobs using 'parallel' executor
[0.194s] DEBUG:colcon.colcon_parallel_executor.executor.parallel:run_until_complete
[0.194s] INFO:colcon.colcon_ros.task.ament_python.build:Building ROS package in '/home/seojun/바탕화면/ros2_ws/src/racing_car_pkg' with build type 'ament_python'
[0.195s] Level 1:colcon.colcon_core.shell:create_environment_hook('racing_car_pkg', 'ament_prefix_path')
[0.197s] INFO:colcon.colcon_core.plugin_system:Skipping extension 'colcon_core.shell.bat': Not used on non-Windows systems
[0.197s] INFO:colcon.colcon_core.shell:Creating environment hook '/home/seojun/바탕화면/ros2_ws/install/racing_car_pkg/share/racing_car_pkg/hook/ament_prefix_path.ps1'
[0.198s] INFO:colcon.colcon_core.shell:Creating environment descriptor '/home/seojun/바탕화면/ros2_ws/install/racing_car_pkg/share/racing_car_pkg/hook/ament_prefix_path.dsv'
[0.198s] INFO:colcon.colcon_core.shell:Creating environment hook '/home/seojun/바탕화면/ros2_ws/install/racing_car_pkg/share/racing_car_pkg/hook/ament_prefix_path.sh'
[0.199s] INFO:colcon.colcon_core.shell:Skip shell extension 'powershell' for command environment: Not usable outside of PowerShell
[0.199s] DEBUG:colcon.colcon_core.shell:Skip shell extension 'dsv' for command environment
[0.203s] INFO:colcon.colcon_ros.task.ament_cmake.build:Building ROS package in '/home/seojun/바탕화면/ros2_ws/src/racing_pkg' with build type 'ament_cmake'
[0.203s] INFO:colcon.colcon_cmake.task.cmake.build:Building CMake package in '/home/seojun/바탕화면/ros2_ws/src/racing_pkg'
[0.203s] INFO:colcon.colcon_core.shell:Skip shell extension 'powershell' for command environment: Not usable outside of PowerShell
[0.204s] DEBUG:colcon.colcon_core.shell:Skip shell extension 'dsv' for command environment
[0.419s] INFO:colcon.colcon_core.task.python.build:Building Python package in '/home/seojun/바탕화면/ros2_ws/src/racing_car_pkg'
[0.419s] INFO:colcon.colcon_core.shell:Skip shell extension 'powershell' for command environment: Not usable outside of PowerShell
[0.419s] DEBUG:colcon.colcon_core.shell:Skip shell extension 'dsv' for command environment
[0.429s] DEBUG:colcon.colcon_core.event_handler.log_command:Invoking command in '/home/seojun/바탕화면/ros2_ws/build/racing_pkg': CMAKE_PREFIX_PATH=${CMAKE_PREFIX_PATH}:/home/seojun/바탕화면/ros2_ws/install/racing_car_pkg:/opt/ros/jazzy DEBUGINFOD_URLS=https://debuginfod.ubuntu.com /usr/bin/cmake --build /home/seojun/바탕화면/ros2_ws/build/racing_pkg -- -j8 -l8
[0.526s] DEBUG:colcon.colcon_core.event_handler.log_command:Invoked command in '/home/seojun/바탕화면/ros2_ws/build/racing_pkg' returned '0': CMAKE_PREFIX_PATH=${CMAKE_PREFIX_PATH}:/home/seojun/바탕화면/ros2_ws/install/racing_car_pkg:/opt/ros/jazzy DEBUGINFOD_URLS=https://debuginfod.ubuntu.com /usr/bin/cmake --build /home/seojun/바탕화면/ros2_ws/build/racing_pkg -- -j8 -l8
[0.540s] DEBUG:colcon.colcon_core.event_handler.log_command:Invoking command in '/home/seojun/바탕화면/ros2_ws/build/racing_pkg': CMAKE_PREFIX_PATH=${CMAKE_PREFIX_PATH}:/home/seojun/바탕화면/ros2_ws/install/racing_car_pkg:/opt/ros/jazzy DEBUGINFOD_URLS=https://debuginfod.ubuntu.com /usr/bin/cmake --install /home/seojun/바탕화면/ros2_ws/build/racing_pkg
[0.572s] Level 1:colcon.colcon_core.environment:create_environment_scripts_only(racing_pkg)
[0.572s] DEBUG:colcon.colcon_core.event_handler.log_command:Invoked command in '/home/seojun/바탕화면/ros2_ws/build/racing_pkg' returned '0': CMAKE_PREFIX_PATH=${CMAKE_PREFIX_PATH}:/home/seojun/바탕화면/ros2_ws/install/racing_car_pkg:/opt/ros/jazzy DEBUGINFOD_URLS=https://debuginfod.ubuntu.com /usr/bin/cmake --install /home/seojun/바탕화면/ros2_ws/build/racing_pkg
[0.574s] Level 1:colcon.colcon_core.environment:checking '/home/seojun/바탕화면/ros2_ws/install/racing_pkg' for CMake module files
[0.575s] Level 1:colcon.colcon_core.environment:checking '/home/seojun/바탕화면/ros2_ws/install/racing_pkg' for CMake config files
[0.575s] Level 1:colcon.colcon_core.shell:create_environment_hook('racing_pkg', 'cmake_prefix_path')
[0.575s] INFO:colcon.colcon_core.shell:Creating environment hook '/home/seojun/바탕화면/ros2_ws/install/racing_pkg/share/racing_pkg/hook/cmake_prefix_path.ps1'
[0.576s] INFO:colcon.colcon_core.shell:Creating environment descriptor '/home/seojun/바탕화면/ros2_ws/install/racing_pkg/share/racing_pkg/hook/cmake_prefix_path.dsv'
[0.576s] INFO:colcon.colcon_core.shell:Creating environment hook '/home/seojun/바탕화면/ros2_ws/install/racing_pkg/share/racing_pkg/hook/cmake_prefix_path.sh'
[0.577s] Level 1:colcon.colcon_core.environment:checking '/home/seojun/바탕화면/ros2_ws/install/racing_pkg/lib'
[0.577s] Level 1:colcon.colcon_core.environment:checking '/home/seojun/바탕화면/ros2_ws/install/racing_pkg/bin'
[0.577s] Level 1:colcon.colcon_core.environment:checking '/home/seojun/바탕화면/ros2_ws/install/racing_pkg/lib/pkgconfig/racing_pkg.pc'
[0.577s] Level 1:colcon.colcon_core.environment:checking '/home/seojun/바탕화면/ros2_ws/install/racing_pkg/lib/python3.12/site-packages'
[0.577s] Level 1:colcon.colcon_core.environment:checking '/home/seojun/바탕화면/ros2_ws/install/racing_pkg/bin'
[0.578s] INFO:colcon.colcon_core.shell:Creating package script '/home/seojun/바탕화면/ros2_ws/install/racing_pkg/share/racing_pkg/package.ps1'
[0.578s] INFO:colcon.colcon_core.shell:Creating package descriptor '/home/seojun/바탕화면/ros2_ws/install/racing_pkg/share/racing_pkg/package.dsv'
[0.579s] INFO:colcon.colcon_core.shell:Creating package script '/home/seojun/바탕화면/ros2_ws/install/racing_pkg/share/racing_pkg/package.sh'
[0.579s] INFO:colcon.colcon_core.shell:Creating package script '/home/seojun/바탕화면/ros2_ws/install/racing_pkg/share/racing_pkg/package.bash'
[0.580s] INFO:colcon.colcon_core.shell:Creating package script '/home/seojun/바탕화면/ros2_ws/install/racing_pkg/share/racing_pkg/package.zsh'
[0.580s] Level 1:colcon.colcon_core.environment:create_file_with_runtime_dependencies(/home/seojun/바탕화면/ros2_ws/install/racing_pkg/share/colcon-core/packages/racing_pkg)
[0.581s] Level 1:colcon.colcon_core.environment:create_environment_scripts_only(racing_pkg)
[0.581s] Level 1:colcon.colcon_core.environment:checking '/home/seojun/바탕화면/ros2_ws/install/racing_pkg' for CMake module files
[0.581s] Level 1:colcon.colcon_core.environment:checking '/home/seojun/바탕화면/ros2_ws/install/racing_pkg' for CMake config files
[0.582s] Level 1:colcon.colcon_core.shell:create_environment_hook('racing_pkg', 'cmake_prefix_path')
[0.582s] INFO:colcon.colcon_core.shell:Creating environment hook '/home/seojun/바탕화면/ros2_ws/install/racing_pkg/share/racing_pkg/hook/cmake_prefix_path.ps1'
[0.582s] INFO:colcon.colcon_core.shell:Creating environment descriptor '/home/seojun/바탕화면/ros2_ws/install/racing_pkg/share/racing_pkg/hook/cmake_prefix_path.dsv'
[0.582s] INFO:colcon.colcon_core.shell:Creating environment hook '/home/seojun/바탕화면/ros2_ws/install/racing_pkg/share/racing_pkg/hook/cmake_prefix_path.sh'
[0.583s] Level 1:colcon.colcon_core.environment:checking '/home/seojun/바탕화면/ros2_ws/install/racing_pkg/lib'
[0.583s] Level 1:colcon.colcon_core.environment:checking '/home/seojun/바탕화면/ros2_ws/install/racing_pkg/bin'
[0.583s] Level 1:colcon.colcon_core.environment:checking '/home/seojun/바탕화면/ros2_ws/install/racing_pkg/lib/pkgconfig/racing_pkg.pc'
[0.583s] Level 1:colcon.colcon_core.environment:checking '/home/seojun/바탕화면/ros2_ws/install/racing_pkg/lib/python3.12/site-packages'
[0.583s] Level 1:colcon.colcon_core.environment:checking '/home/seojun/바탕화면/ros2_ws/install/racing_pkg/bin'
[0.583s] INFO:colcon.colcon_core.shell:Creating package script '/home/seojun/바탕화면/ros2_ws/install/racing_pkg/share/racing_pkg/package.ps1'
[0.584s] INFO:colcon.colcon_core.shell:Creating package descriptor '/home/seojun/바탕화면/ros2_ws/install/racing_pkg/share/racing_pkg/package.dsv'
[0.584s] INFO:colcon.colcon_core.shell:Creating package script '/home/seojun/바탕화면/ros2_ws/install/racing_pkg/share/racing_pkg/package.sh'
[0.584s] INFO:colcon.colcon_core.shell:Creating package script '/home/seojun/바탕화면/ros2_ws/install/racing_pkg/share/racing_pkg/package.bash'
[0.585s] INFO:colcon.colcon_core.shell:Creating package script '/home/seojun/바탕화면/ros2_ws/install/racing_pkg/share/racing_pkg/package.zsh'
[0.585s] Level 1:colcon.colcon_core.environment:create_file_with_runtime_dependencies(/home/seojun/바탕화면/ros2_ws/install/racing_pkg/share/colcon-core/packages/racing_pkg)
[0.866s] DEBUG:colcon.colcon_core.event_handler.log_command:Invoking command in '/home/seojun/바탕화면/ros2_ws/build/racing_car_pkg': DEBUGINFOD_URLS=https://debuginfod.ubuntu.com PYTHONPATH=/home/seojun/바탕화면/ros2_ws/build/racing_car_pkg/prefix_override:/usr/lib/python3/dist-packages/colcon_core/task/python/colcon_distutils_commands:/home/seojun/바탕화면/ros2_ws/install/racing_car_pkg/lib/python3.12/site-packages:${PYTHONPATH} /usr/bin/python3 -W ignore:setup.py install is deprecated -W ignore:easy_install command is deprecated setup.py develop --editable --build-directory /home/seojun/바탕화면/ros2_ws/build/racing_car_pkg/build --no-deps symlink_data
[1.359s] Level 1:colcon.colcon_core.shell:create_environment_hook('racing_car_pkg', 'pythonpath_develop')
[1.359s] INFO:colcon.colcon_core.shell:Creating environment hook '/home/seojun/바탕화면/ros2_ws/build/racing_car_pkg/share/racing_car_pkg/hook/pythonpath_develop.ps1'
[1.360s] DEBUG:colcon.colcon_core.event_handler.log_command:Invoked command in '/home/seojun/바탕화면/ros2_ws/build/racing_car_pkg' returned '0': DEBUGINFOD_URLS=https://debuginfod.ubuntu.com PYTHONPATH=/home/seojun/바탕화면/ros2_ws/build/racing_car_pkg/prefix_override:/usr/lib/python3/dist-packages/colcon_core/task/python/colcon_distutils_commands:/home/seojun/바탕화면/ros2_ws/install/racing_car_pkg/lib/python3.12/site-packages:${PYTHONPATH} /usr/bin/python3 -W ignore:setup.py install is deprecated -W ignore:easy_install command is deprecated setup.py develop --editable --build-directory /home/seojun/바탕화면/ros2_ws/build/racing_car_pkg/build --no-deps symlink_data
[1.360s] INFO:colcon.colcon_core.shell:Creating environment descriptor '/home/seojun/바탕화면/ros2_ws/build/racing_car_pkg/share/racing_car_pkg/hook/pythonpath_develop.dsv'
[1.361s] INFO:colcon.colcon_core.shell:Creating environment hook '/home/seojun/바탕화면/ros2_ws/build/racing_car_pkg/share/racing_car_pkg/hook/pythonpath_develop.sh'
[1.361s] Level 1:colcon.colcon_core.environment:checking '/home/seojun/바탕화면/ros2_ws/install/racing_car_pkg' for CMake module files
[1.361s] Level 1:colcon.colcon_core.environment:checking '/home/seojun/바탕화면/ros2_ws/install/racing_car_pkg' for CMake config files
[1.362s] Level 1:colcon.colcon_core.environment:checking '/home/seojun/바탕화면/ros2_ws/install/racing_car_pkg/lib'
[1.362s] Level 1:colcon.colcon_core.environment:checking '/home/seojun/바탕화면/ros2_ws/install/racing_car_pkg/bin'
[1.362s] Level 1:colcon.colcon_core.environment:checking '/home/seojun/바탕화면/ros2_ws/install/racing_car_pkg/lib/pkgconfig/racing_car_pkg.pc'
[1.362s] Level 1:colcon.colcon_core.environment:checking '/home/seojun/바탕화면/ros2_ws/install/racing_car_pkg/lib/python3.12/site-packages'
[1.362s] Level 1:colcon.colcon_core.shell:create_environment_hook('racing_car_pkg', 'pythonpath')
[1.362s] INFO:colcon.colcon_core.shell:Creating environment hook '/home/seojun/바탕화면/ros2_ws/install/racing_car_pkg/share/racing_car_pkg/hook/pythonpath.ps1'
[1.363s] INFO:colcon.colcon_core.shell:Creating environment descriptor '/home/seojun/바탕화면/ros2_ws/install/racing_car_pkg/share/racing_car_pkg/hook/pythonpath.dsv'
[1.363s] INFO:colcon.colcon_core.shell:Creating environment hook '/home/seojun/바탕화면/ros2_ws/install/racing_car_pkg/share/racing_car_pkg/hook/pythonpath.sh'
[1.363s] Level 1:colcon.colcon_core.environment:checking '/home/seojun/바탕화면/ros2_ws/install/racing_car_pkg/bin'
[1.363s] Level 1:colcon.colcon_core.environment:create_environment_scripts_only(racing_car_pkg)
[1.364s] INFO:colcon.colcon_core.shell:Creating package script '/home/seojun/바탕화면/ros2_ws/install/racing_car_pkg/share/racing_car_pkg/package.ps1'
[1.364s] INFO:colcon.colcon_core.shell:Creating package descriptor '/home/seojun/바탕화면/ros2_ws/install/racing_car_pkg/share/racing_car_pkg/package.dsv'
[1.364s] INFO:colcon.colcon_core.shell:Creating package script '/home/seojun/바탕화면/ros2_ws/install/racing_car_pkg/share/racing_car_pkg/package.sh'
[1.365s] INFO:colcon.colcon_core.shell:Creating package script '/home/seojun/바탕화면/ros2_ws/install/racing_car_pkg/share/racing_car_pkg/package.bash'
[1.365s] INFO:colcon.colcon_core.shell:Creating package script '/home/seojun/바탕화면/ros2_ws/install/racing_car_pkg/share/racing_car_pkg/package.zsh'
[1.365s] Level 1:colcon.colcon_core.environment:create_file_with_runtime_dependencies(/home/seojun/바탕화면/ros2_ws/install/racing_car_pkg/share/colcon-core/packages/racing_car_pkg)
[1.365s] DEBUG:colcon.colcon_parallel_executor.executor.parallel:closing loop
[1.366s] DEBUG:colcon.colcon_parallel_executor.executor.parallel:loop closed
[1.366s] DEBUG:colcon.colcon_parallel_executor.executor.parallel:run_until_complete finished with '0'
[1.366s] DEBUG:colcon.colcon_core.event_reactor:joining thread
[1.370s] INFO:colcon.colcon_core.plugin_system:Skipping extension 'colcon_notification.desktop_notification.terminal_notifier': Not used on non-Darwin systems
[1.371s] INFO:colcon.colcon_core.plugin_system:Skipping extension 'colcon_notification.desktop_notification.win32': Not used on non-Windows systems
[1.371s] INFO:colcon.colcon_notification.desktop_notification:Sending desktop notification using 'notify2'
[1.392s] DEBUG:colcon.colcon_core.event_reactor:joined thread
[1.392s] INFO:colcon.colcon_core.shell:Creating prefix script '/home/seojun/바탕화면/ros2_ws/install/local_setup.ps1'
[1.393s] INFO:colcon.colcon_core.shell:Creating prefix util module '/home/seojun/바탕화면/ros2_ws/install/_local_setup_util_ps1.py'
[1.394s] INFO:colcon.colcon_core.shell:Creating prefix chain script '/home/seojun/바탕화면/ros2_ws/install/setup.ps1'
[1.395s] INFO:colcon.colcon_core.shell:Creating prefix script '/home/seojun/바탕화면/ros2_ws/install/local_setup.sh'
[1.395s] INFO:colcon.colcon_core.shell:Creating prefix util module '/home/seojun/바탕화면/ros2_ws/install/_local_setup_util_sh.py'
[1.396s] INFO:colcon.colcon_core.shell:Creating prefix chain script '/home/seojun/바탕화면/ros2_ws/install/setup.sh'
[1.396s] INFO:colcon.colcon_core.shell:Creating prefix script '/home/seojun/바탕화면/ros2_ws/install/local_setup.bash'
[1.397s] INFO:colcon.colcon_core.shell:Creating prefix chain script '/home/seojun/바탕화면/ros2_ws/install/setup.bash'
[1.397s] INFO:colcon.colcon_core.shell:Creating prefix script '/home/seojun/바탕화면/ros2_ws/install/local_setup.zsh'
[1.398s] INFO:colcon.colcon_core.shell:Creating prefix chain script '/home/seojun/바탕화면/ros2_ws/install/setup.zsh'
