[0.052s] DEBUG:colcon:Command line arguments: ['/usr/bin/colcon', 'build', '--symlink-install']
[0.052s] DEBUG:colcon:Parsed command line arguments: Namespace(log_base=None, log_level=None, verb_name='build', build_base='build', install_base='install', merge_install=False, symlink_install=True, test_result_base=None, continue_on_error=False, executor='parallel', parallel_workers=8, event_handlers=None, ignore_user_meta=False, metas=['./colcon.meta'], base_paths=['.'], packages_ignore=None, packages_ignore_regex=None, paths=None, packages_up_to=None, packages_up_to_regex=None, packages_above=None, packages_above_and_dependencies=None, packages_above_depth=None, packages_select_by_dep=None, packages_skip_by_dep=None, packages_skip_up_to=None, packages_select_build_failed=False, packages_skip_build_finished=False, packages_select_test_failures=False, packages_skip_test_passed=False, packages_select=None, packages_skip=None, packages_select_regex=None, packages_skip_regex=None, packages_start=None, packages_end=None, allow_overriding=[], cmake_args=None, cmake_target=None, cmake_target_skip_unavailable=False, cmake_clean_cache=False, cmake_clean_first=False, cmake_force_configure=False, ament_cmake_args=None, catkin_cmake_args=None, catkin_skip_building_tests=False, verb_parser=<colcon_defaults.argument_parser.defaults.DefaultArgumentsDecorator object at 0x7ab3d024ebd0>, verb_extension=<colcon_core.verb.build.BuildVerb object at 0x7ab3d024ea20>, main=<bound method BuildVerb.main of <colcon_core.verb.build.BuildVerb object at 0x7ab3d024ea20>>)
[0.072s] Level 1:colcon.colcon_core.package_discovery:discover_packages(colcon_meta) check parameters
[0.072s] Level 1:colcon.colcon_core.package_discovery:discover_packages(recursive) check parameters
[0.072s] Level 1:colcon.colcon_core.package_discovery:discover_packages(ignore) check parameters
[0.072s] Level 1:colcon.colcon_core.package_discovery:discover_packages(path) check parameters
[0.073s] Level 1:colcon.colcon_core.package_discovery:discover_packages(colcon_meta) discover
[0.073s] Level 1:colcon.colcon_core.package_discovery:discover_packages(recursive) discover
[0.073s] INFO:colcon.colcon_core.package_discovery:Crawling recursively for packages in '/home/seojun/바탕화면/ros2_ws'
[0.073s] Level 1:colcon.colcon_core.package_identification:_identify(.) by extensions ['ignore', 'ignore_ament_install']
[0.073s] Level 1:colcon.colcon_core.package_identification:_identify(.) by extension 'ignore'
[0.073s] Level 1:colcon.colcon_core.package_identification:_identify(.) by extension 'ignore_ament_install'
[0.073s] Level 1:colcon.colcon_core.package_identification:_identify(.) by extensions ['colcon_pkg']
[0.073s] Level 1:colcon.colcon_core.package_identification:_identify(.) by extension 'colcon_pkg'
[0.073s] Level 1:colcon.colcon_core.package_identification:_identify(.) by extensions ['colcon_meta']
[0.073s] Level 1:colcon.colcon_core.package_identification:_identify(.) by extension 'colcon_meta'
[0.073s] Level 1:colcon.colcon_core.package_identification:_identify(.) by extensions ['ros']
[0.073s] Level 1:colcon.colcon_core.package_identification:_identify(.) by extension 'ros'
[0.086s] Level 1:colcon.colcon_core.package_identification:_identify(.) by extensions ['cmake', 'python']
[0.086s] Level 1:colcon.colcon_core.package_identification:_identify(.) by extension 'cmake'
[0.086s] Level 1:colcon.colcon_core.package_identification:_identify(.) by extension 'python'
[0.086s] Level 1:colcon.colcon_core.package_identification:_identify(.) by extensions ['python_setup_py']
[0.086s] Level 1:colcon.colcon_core.package_identification:_identify(.) by extension 'python_setup_py'
[0.086s] Level 1:colcon.colcon_core.package_identification:_identify(build) by extensions ['ignore', 'ignore_ament_install']
[0.087s] Level 1:colcon.colcon_core.package_identification:_identify(build) by extension 'ignore'
[0.087s] Level 1:colcon.colcon_core.package_identification:_identify(build) ignored
[0.087s] Level 1:colcon.colcon_core.package_identification:_identify(install) by extensions ['ignore', 'ignore_ament_install']
[0.087s] Level 1:colcon.colcon_core.package_identification:_identify(install) by extension 'ignore'
[0.087s] Level 1:colcon.colcon_core.package_identification:_identify(install) ignored
[0.087s] Level 1:colcon.colcon_core.package_identification:_identify(log) by extensions ['ignore', 'ignore_ament_install']
[0.087s] Level 1:colcon.colcon_core.package_identification:_identify(log) by extension 'ignore'
[0.087s] Level 1:colcon.colcon_core.package_identification:_identify(log) ignored
[0.087s] Level 1:colcon.colcon_core.package_identification:_identify(src) by extensions ['ignore', 'ignore_ament_install']
[0.087s] Level 1:colcon.colcon_core.package_identification:_identify(src) by extension 'ignore'
[0.087s] Level 1:colcon.colcon_core.package_identification:_identify(src) by extension 'ignore_ament_install'
[0.087s] Level 1:colcon.colcon_core.package_identification:_identify(src) by extensions ['colcon_pkg']
[0.087s] Level 1:colcon.colcon_core.package_identification:_identify(src) by extension 'colcon_pkg'
[0.087s] Level 1:colcon.colcon_core.package_identification:_identify(src) by extensions ['colcon_meta']
[0.087s] Level 1:colcon.colcon_core.package_identification:_identify(src) by extension 'colcon_meta'
[0.087s] Level 1:colcon.colcon_core.package_identification:_identify(src) by extensions ['ros']
[0.087s] Level 1:colcon.colcon_core.package_identification:_identify(src) by extension 'ros'
[0.087s] Level 1:colcon.colcon_core.package_identification:_identify(src) by extensions ['cmake', 'python']
[0.087s] Level 1:colcon.colcon_core.package_identification:_identify(src) by extension 'cmake'
[0.087s] Level 1:colcon.colcon_core.package_identification:_identify(src) by extension 'python'
[0.087s] Level 1:colcon.colcon_core.package_identification:_identify(src) by extensions ['python_setup_py']
[0.087s] Level 1:colcon.colcon_core.package_identification:_identify(src) by extension 'python_setup_py'
[0.087s] Level 1:colcon.colcon_core.package_identification:_identify(src/racing_car_pkg) by extensions ['ignore', 'ignore_ament_install']
[0.087s] Level 1:colcon.colcon_core.package_identification:_identify(src/racing_car_pkg) by extension 'ignore'
[0.087s] Level 1:colcon.colcon_core.package_identification:_identify(src/racing_car_pkg) by extension 'ignore_ament_install'
[0.087s] Level 1:colcon.colcon_core.package_identification:_identify(src/racing_car_pkg) by extensions ['colcon_pkg']
[0.087s] Level 1:colcon.colcon_core.package_identification:_identify(src/racing_car_pkg) by extension 'colcon_pkg'
[0.087s] Level 1:colcon.colcon_core.package_identification:_identify(src/racing_car_pkg) by extensions ['colcon_meta']
[0.087s] Level 1:colcon.colcon_core.package_identification:_identify(src/racing_car_pkg) by extension 'colcon_meta'
[0.087s] Level 1:colcon.colcon_core.package_identification:_identify(src/racing_car_pkg) by extensions ['ros']
[0.087s] Level 1:colcon.colcon_core.package_identification:_identify(src/racing_car_pkg) by extension 'ros'
[0.089s] DEBUG:colcon.colcon_core.package_identification:Package 'src/racing_car_pkg' with type 'ros.ament_python' and name 'racing_car_pkg'
[0.089s] Level 1:colcon.colcon_core.package_identification:_identify(src/racing_pkg) by extensions ['ignore', 'ignore_ament_install']
[0.089s] Level 1:colcon.colcon_core.package_identification:_identify(src/racing_pkg) by extension 'ignore'
[0.089s] Level 1:colcon.colcon_core.package_identification:_identify(src/racing_pkg) by extension 'ignore_ament_install'
[0.089s] Level 1:colcon.colcon_core.package_identification:_identify(src/racing_pkg) by extensions ['colcon_pkg']
[0.089s] Level 1:colcon.colcon_core.package_identification:_identify(src/racing_pkg) by extension 'colcon_pkg'
[0.089s] Level 1:colcon.colcon_core.package_identification:_identify(src/racing_pkg) by extensions ['colcon_meta']
[0.089s] Level 1:colcon.colcon_core.package_identification:_identify(src/racing_pkg) by extension 'colcon_meta'
[0.089s] Level 1:colcon.colcon_core.package_identification:_identify(src/racing_pkg) by extensions ['ros']
[0.089s] Level 1:colcon.colcon_core.package_identification:_identify(src/racing_pkg) by extension 'ros'
[0.090s] DEBUG:colcon.colcon_core.package_identification:Package 'src/racing_pkg' with type 'ros.ament_cmake' and name 'racing_pkg'
[0.090s] Level 1:colcon.colcon_core.package_discovery:discover_packages(recursive) using defaults
[0.090s] Level 1:colcon.colcon_core.package_discovery:discover_packages(ignore) discover
[0.090s] Level 1:colcon.colcon_core.package_discovery:discover_packages(ignore) using defaults
[0.090s] Level 1:colcon.colcon_core.package_discovery:discover_packages(path) discover
[0.090s] Level 1:colcon.colcon_core.package_discovery:discover_packages(path) using defaults
[0.099s] Level 1:colcon.colcon_core.package_discovery:discover_packages(prefix_path) check parameters
[0.099s] Level 1:colcon.colcon_core.package_discovery:discover_packages(prefix_path) discover
[0.100s] WARNING:colcon.colcon_ros.prefix_path.ament:The path '/home/seojun/바탕화면/ros2_ws/install/racing_pkg' in the environment variable AMENT_PREFIX_PATH doesn't exist
[0.100s] WARNING:colcon.colcon_ros.prefix_path.ament:The path '/home/seojun/바탕화면/ros2_ws/install/racing_car_pkg' in the environment variable AMENT_PREFIX_PATH doesn't exist
[0.100s] WARNING:colcon.colcon_ros.prefix_path.catkin:The path '/home/seojun/바탕화면/ros2_ws/install/racing_pkg' in the environment variable CMAKE_PREFIX_PATH doesn't exist
[0.100s] DEBUG:colcon.colcon_installed_package_information.package_discovery:Found 0 installed packages in /home/seojun/바탕화면/ros2_ws/install
[0.101s] DEBUG:colcon.colcon_installed_package_information.package_discovery:Found 319 installed packages in /opt/ros/jazzy
[0.101s] Level 1:colcon.colcon_core.package_discovery:discover_packages(prefix_path) using defaults
[0.122s] Level 5:colcon.colcon_core.verb:set package 'racing_car_pkg' build argument 'cmake_args' from command line to 'None'
[0.122s] Level 5:colcon.colcon_core.verb:set package 'racing_car_pkg' build argument 'cmake_target' from command line to 'None'
[0.122s] Level 5:colcon.colcon_core.verb:set package 'racing_car_pkg' build argument 'cmake_target_skip_unavailable' from command line to 'False'
[0.122s] Level 5:colcon.colcon_core.verb:set package 'racing_car_pkg' build argument 'cmake_clean_cache' from command line to 'False'
[0.122s] Level 5:colcon.colcon_core.verb:set package 'racing_car_pkg' build argument 'cmake_clean_first' from command line to 'False'
[0.122s] Level 5:colcon.colcon_core.verb:set package 'racing_car_pkg' build argument 'cmake_force_configure' from command line to 'False'
[0.122s] Level 5:colcon.colcon_core.verb:set package 'racing_car_pkg' build argument 'ament_cmake_args' from command line to 'None'
[0.122s] Level 5:colcon.colcon_core.verb:set package 'racing_car_pkg' build argument 'catkin_cmake_args' from command line to 'None'
[0.122s] Level 5:colcon.colcon_core.verb:set package 'racing_car_pkg' build argument 'catkin_skip_building_tests' from command line to 'False'
[0.122s] DEBUG:colcon.colcon_core.verb:Building package 'racing_car_pkg' with the following arguments: {'ament_cmake_args': None, 'build_base': '/home/seojun/바탕화면/ros2_ws/build/racing_car_pkg', 'catkin_cmake_args': None, 'catkin_skip_building_tests': False, 'cmake_args': None, 'cmake_clean_cache': False, 'cmake_clean_first': False, 'cmake_force_configure': False, 'cmake_target': None, 'cmake_target_skip_unavailable': False, 'install_base': '/home/seojun/바탕화면/ros2_ws/install/racing_car_pkg', 'merge_install': False, 'path': '/home/seojun/바탕화면/ros2_ws/src/racing_car_pkg', 'symlink_install': True, 'test_result_base': None}
[0.122s] Level 5:colcon.colcon_core.verb:set package 'racing_pkg' build argument 'cmake_args' from command line to 'None'
[0.122s] Level 5:colcon.colcon_core.verb:set package 'racing_pkg' build argument 'cmake_target' from command line to 'None'
[0.122s] Level 5:colcon.colcon_core.verb:set package 'racing_pkg' build argument 'cmake_target_skip_unavailable' from command line to 'False'
[0.122s] Level 5:colcon.colcon_core.verb:set package 'racing_pkg' build argument 'cmake_clean_cache' from command line to 'False'
[0.122s] Level 5:colcon.colcon_core.verb:set package 'racing_pkg' build argument 'cmake_clean_first' from command line to 'False'
[0.122s] Level 5:colcon.colcon_core.verb:set package 'racing_pkg' build argument 'cmake_force_configure' from command line to 'False'
[0.122s] Level 5:colcon.colcon_core.verb:set package 'racing_pkg' build argument 'ament_cmake_args' from command line to 'None'
[0.122s] Level 5:colcon.colcon_core.verb:set package 'racing_pkg' build argument 'catkin_cmake_args' from command line to 'None'
[0.122s] Level 5:colcon.colcon_core.verb:set package 'racing_pkg' build argument 'catkin_skip_building_tests' from command line to 'False'
[0.122s] DEBUG:colcon.colcon_core.verb:Building package 'racing_pkg' with the following arguments: {'ament_cmake_args': None, 'build_base': '/home/seojun/바탕화면/ros2_ws/build/racing_pkg', 'catkin_cmake_args': None, 'catkin_skip_building_tests': False, 'cmake_args': None, 'cmake_clean_cache': False, 'cmake_clean_first': False, 'cmake_force_configure': False, 'cmake_target': None, 'cmake_target_skip_unavailable': False, 'install_base': '/home/seojun/바탕화면/ros2_ws/install/racing_pkg', 'merge_install': False, 'path': '/home/seojun/바탕화면/ros2_ws/src/racing_pkg', 'symlink_install': True, 'test_result_base': None}
[0.122s] INFO:colcon.colcon_core.executor:Executing jobs using 'parallel' executor
[0.123s] DEBUG:colcon.colcon_parallel_executor.executor.parallel:run_until_complete
[0.123s] INFO:colcon.colcon_ros.task.ament_python.build:Building ROS package in '/home/seojun/바탕화면/ros2_ws/src/racing_car_pkg' with build type 'ament_python'
[0.124s] Level 1:colcon.colcon_core.shell:create_environment_hook('racing_car_pkg', 'ament_prefix_path')
[0.124s] INFO:colcon.colcon_core.plugin_system:Skipping extension 'colcon_core.shell.bat': Not used on non-Windows systems
[0.125s] INFO:colcon.colcon_core.shell:Creating environment hook '/home/seojun/바탕화면/ros2_ws/install/racing_car_pkg/share/racing_car_pkg/hook/ament_prefix_path.ps1'
[0.125s] INFO:colcon.colcon_core.shell:Creating environment descriptor '/home/seojun/바탕화면/ros2_ws/install/racing_car_pkg/share/racing_car_pkg/hook/ament_prefix_path.dsv'
[0.125s] INFO:colcon.colcon_core.shell:Creating environment hook '/home/seojun/바탕화면/ros2_ws/install/racing_car_pkg/share/racing_car_pkg/hook/ament_prefix_path.sh'
[0.125s] INFO:colcon.colcon_core.shell:Skip shell extension 'powershell' for command environment: Not usable outside of PowerShell
[0.125s] DEBUG:colcon.colcon_core.shell:Skip shell extension 'dsv' for command environment
[0.127s] INFO:colcon.colcon_ros.task.ament_cmake.build:Building ROS package in '/home/seojun/바탕화면/ros2_ws/src/racing_pkg' with build type 'ament_cmake'
[0.127s] INFO:colcon.colcon_cmake.task.cmake.build:Building CMake package in '/home/seojun/바탕화면/ros2_ws/src/racing_pkg'
[0.127s] INFO:colcon.colcon_core.shell:Skip shell extension 'powershell' for command environment: Not usable outside of PowerShell
[0.127s] DEBUG:colcon.colcon_core.shell:Skip shell extension 'dsv' for command environment
[0.254s] INFO:colcon.colcon_core.task.python.build:Building Python package in '/home/seojun/바탕화면/ros2_ws/src/racing_car_pkg'
[0.254s] INFO:colcon.colcon_core.shell:Skip shell extension 'powershell' for command environment: Not usable outside of PowerShell
[0.254s] DEBUG:colcon.colcon_core.shell:Skip shell extension 'dsv' for command environment
[0.259s] DEBUG:colcon.colcon_core.event_handler.log_command:Invoking command in '/home/seojun/바탕화면/ros2_ws/build/racing_pkg': CMAKE_PREFIX_PATH=${CMAKE_PREFIX_PATH}:/home/seojun/바탕화면/ros2_ws/install/racing_car_pkg:/opt/ros/jazzy DEBUGINFOD_URLS=https://debuginfod.ubuntu.com /usr/bin/cmake /home/seojun/바탕화면/ros2_ws/src/racing_pkg -DAMENT_CMAKE_SYMLINK_INSTALL=1 -DCMAKE_INSTALL_PREFIX=/home/seojun/바탕화면/ros2_ws/install/racing_pkg
[0.568s] DEBUG:colcon.colcon_core.event_handler.log_command:Invoking command in '/home/seojun/바탕화면/ros2_ws/build/racing_car_pkg': DEBUGINFOD_URLS=https://debuginfod.ubuntu.com PYTHONPATH=/home/seojun/바탕화면/ros2_ws/build/racing_car_pkg/prefix_override:/usr/lib/python3/dist-packages/colcon_core/task/python/colcon_distutils_commands:/home/seojun/바탕화면/ros2_ws/install/racing_car_pkg/lib/python3.12/site-packages:${PYTHONPATH} /usr/bin/python3 -W ignore:setup.py install is deprecated -W ignore:easy_install command is deprecated setup.py develop --editable --build-directory /home/seojun/바탕화면/ros2_ws/build/racing_car_pkg/build --no-deps symlink_data
[0.917s] Level 1:colcon.colcon_core.shell:create_environment_hook('racing_car_pkg', 'pythonpath_develop')
[0.917s] INFO:colcon.colcon_core.shell:Creating environment hook '/home/seojun/바탕화면/ros2_ws/build/racing_car_pkg/share/racing_car_pkg/hook/pythonpath_develop.ps1'
[0.918s] DEBUG:colcon.colcon_core.event_handler.log_command:Invoked command in '/home/seojun/바탕화면/ros2_ws/build/racing_car_pkg' returned '0': DEBUGINFOD_URLS=https://debuginfod.ubuntu.com PYTHONPATH=/home/seojun/바탕화면/ros2_ws/build/racing_car_pkg/prefix_override:/usr/lib/python3/dist-packages/colcon_core/task/python/colcon_distutils_commands:/home/seojun/바탕화면/ros2_ws/install/racing_car_pkg/lib/python3.12/site-packages:${PYTHONPATH} /usr/bin/python3 -W ignore:setup.py install is deprecated -W ignore:easy_install command is deprecated setup.py develop --editable --build-directory /home/seojun/바탕화면/ros2_ws/build/racing_car_pkg/build --no-deps symlink_data
[0.918s] INFO:colcon.colcon_core.shell:Creating environment descriptor '/home/seojun/바탕화면/ros2_ws/build/racing_car_pkg/share/racing_car_pkg/hook/pythonpath_develop.dsv'
[0.919s] INFO:colcon.colcon_core.shell:Creating environment hook '/home/seojun/바탕화면/ros2_ws/build/racing_car_pkg/share/racing_car_pkg/hook/pythonpath_develop.sh'
[0.921s] Level 1:colcon.colcon_core.environment:checking '/home/seojun/바탕화면/ros2_ws/install/racing_car_pkg' for CMake module files
[0.922s] Level 1:colcon.colcon_core.environment:checking '/home/seojun/바탕화면/ros2_ws/install/racing_car_pkg' for CMake config files
[0.922s] Level 1:colcon.colcon_core.environment:checking '/home/seojun/바탕화면/ros2_ws/install/racing_car_pkg/lib'
[0.923s] Level 1:colcon.colcon_core.environment:checking '/home/seojun/바탕화면/ros2_ws/install/racing_car_pkg/bin'
[0.923s] Level 1:colcon.colcon_core.environment:checking '/home/seojun/바탕화면/ros2_ws/install/racing_car_pkg/lib/pkgconfig/racing_car_pkg.pc'
[0.923s] Level 1:colcon.colcon_core.environment:checking '/home/seojun/바탕화면/ros2_ws/install/racing_car_pkg/lib/python3.12/site-packages'
[0.923s] Level 1:colcon.colcon_core.shell:create_environment_hook('racing_car_pkg', 'pythonpath')
[0.924s] INFO:colcon.colcon_core.shell:Creating environment hook '/home/seojun/바탕화면/ros2_ws/install/racing_car_pkg/share/racing_car_pkg/hook/pythonpath.ps1'
[0.925s] INFO:colcon.colcon_core.shell:Creating environment descriptor '/home/seojun/바탕화면/ros2_ws/install/racing_car_pkg/share/racing_car_pkg/hook/pythonpath.dsv'
[0.925s] INFO:colcon.colcon_core.shell:Creating environment hook '/home/seojun/바탕화면/ros2_ws/install/racing_car_pkg/share/racing_car_pkg/hook/pythonpath.sh'
[0.925s] Level 1:colcon.colcon_core.environment:checking '/home/seojun/바탕화면/ros2_ws/install/racing_car_pkg/bin'
[0.926s] Level 1:colcon.colcon_core.environment:create_environment_scripts_only(racing_car_pkg)
[0.926s] INFO:colcon.colcon_core.shell:Creating package script '/home/seojun/바탕화면/ros2_ws/install/racing_car_pkg/share/racing_car_pkg/package.ps1'
[0.927s] INFO:colcon.colcon_core.shell:Creating package descriptor '/home/seojun/바탕화면/ros2_ws/install/racing_car_pkg/share/racing_car_pkg/package.dsv'
[0.927s] INFO:colcon.colcon_core.shell:Creating package script '/home/seojun/바탕화면/ros2_ws/install/racing_car_pkg/share/racing_car_pkg/package.sh'
[0.928s] INFO:colcon.colcon_core.shell:Creating package script '/home/seojun/바탕화면/ros2_ws/install/racing_car_pkg/share/racing_car_pkg/package.bash'
[0.928s] INFO:colcon.colcon_core.shell:Creating package script '/home/seojun/바탕화면/ros2_ws/install/racing_car_pkg/share/racing_car_pkg/package.zsh'
[0.929s] Level 1:colcon.colcon_core.environment:create_file_with_runtime_dependencies(/home/seojun/바탕화면/ros2_ws/install/racing_car_pkg/share/colcon-core/packages/racing_car_pkg)
[1.286s] DEBUG:colcon.colcon_core.event_handler.log_command:Invoked command in '/home/seojun/바탕화면/ros2_ws/build/racing_pkg' returned '0': CMAKE_PREFIX_PATH=${CMAKE_PREFIX_PATH}:/home/seojun/바탕화면/ros2_ws/install/racing_car_pkg:/opt/ros/jazzy DEBUGINFOD_URLS=https://debuginfod.ubuntu.com /usr/bin/cmake /home/seojun/바탕화면/ros2_ws/src/racing_pkg -DAMENT_CMAKE_SYMLINK_INSTALL=1 -DCMAKE_INSTALL_PREFIX=/home/seojun/바탕화면/ros2_ws/install/racing_pkg
[1.286s] DEBUG:colcon.colcon_core.event_handler.log_command:Invoking command in '/home/seojun/바탕화면/ros2_ws/build/racing_pkg': CMAKE_PREFIX_PATH=${CMAKE_PREFIX_PATH}:/home/seojun/바탕화면/ros2_ws/install/racing_car_pkg:/opt/ros/jazzy DEBUGINFOD_URLS=https://debuginfod.ubuntu.com /usr/bin/cmake --build /home/seojun/바탕화면/ros2_ws/build/racing_pkg -- -j8 -l8
[3.995s] DEBUG:colcon.colcon_core.event_handler.log_command:Invoked command in '/home/seojun/바탕화면/ros2_ws/build/racing_pkg' returned '0': CMAKE_PREFIX_PATH=${CMAKE_PREFIX_PATH}:/home/seojun/바탕화면/ros2_ws/install/racing_car_pkg:/opt/ros/jazzy DEBUGINFOD_URLS=https://debuginfod.ubuntu.com /usr/bin/cmake --build /home/seojun/바탕화면/ros2_ws/build/racing_pkg -- -j8 -l8
[4.005s] DEBUG:colcon.colcon_core.event_handler.log_command:Invoking command in '/home/seojun/바탕화면/ros2_ws/build/racing_pkg': CMAKE_PREFIX_PATH=${CMAKE_PREFIX_PATH}:/home/seojun/바탕화면/ros2_ws/install/racing_car_pkg:/opt/ros/jazzy DEBUGINFOD_URLS=https://debuginfod.ubuntu.com /usr/bin/cmake --install /home/seojun/바탕화면/ros2_ws/build/racing_pkg
[4.211s] Level 1:colcon.colcon_core.environment:create_environment_scripts_only(racing_pkg)
[4.211s] Level 1:colcon.colcon_core.environment:checking '/home/seojun/바탕화면/ros2_ws/install/racing_pkg' for CMake module files
[4.212s] DEBUG:colcon.colcon_core.event_handler.log_command:Invoked command in '/home/seojun/바탕화면/ros2_ws/build/racing_pkg' returned '0': CMAKE_PREFIX_PATH=${CMAKE_PREFIX_PATH}:/home/seojun/바탕화면/ros2_ws/install/racing_car_pkg:/opt/ros/jazzy DEBUGINFOD_URLS=https://debuginfod.ubuntu.com /usr/bin/cmake --install /home/seojun/바탕화면/ros2_ws/build/racing_pkg
[4.212s] Level 1:colcon.colcon_core.environment:checking '/home/seojun/바탕화면/ros2_ws/install/racing_pkg' for CMake config files
[4.212s] Level 1:colcon.colcon_core.shell:create_environment_hook('racing_pkg', 'cmake_prefix_path')
[4.212s] INFO:colcon.colcon_core.shell:Creating environment hook '/home/seojun/바탕화면/ros2_ws/install/racing_pkg/share/racing_pkg/hook/cmake_prefix_path.ps1'
[4.213s] INFO:colcon.colcon_core.shell:Creating environment descriptor '/home/seojun/바탕화면/ros2_ws/install/racing_pkg/share/racing_pkg/hook/cmake_prefix_path.dsv'
[4.213s] INFO:colcon.colcon_core.shell:Creating environment hook '/home/seojun/바탕화면/ros2_ws/install/racing_pkg/share/racing_pkg/hook/cmake_prefix_path.sh'
[4.214s] Level 1:colcon.colcon_core.environment:checking '/home/seojun/바탕화면/ros2_ws/install/racing_pkg/lib'
[4.214s] Level 1:colcon.colcon_core.environment:checking '/home/seojun/바탕화면/ros2_ws/install/racing_pkg/bin'
[4.214s] Level 1:colcon.colcon_core.environment:checking '/home/seojun/바탕화면/ros2_ws/install/racing_pkg/lib/pkgconfig/racing_pkg.pc'
[4.214s] Level 1:colcon.colcon_core.environment:checking '/home/seojun/바탕화면/ros2_ws/install/racing_pkg/lib/python3.12/site-packages'
[4.214s] Level 1:colcon.colcon_core.environment:checking '/home/seojun/바탕화면/ros2_ws/install/racing_pkg/bin'
[4.215s] INFO:colcon.colcon_core.shell:Creating package script '/home/seojun/바탕화면/ros2_ws/install/racing_pkg/share/racing_pkg/package.ps1'
[4.215s] INFO:colcon.colcon_core.shell:Creating package descriptor '/home/seojun/바탕화면/ros2_ws/install/racing_pkg/share/racing_pkg/package.dsv'
[4.216s] INFO:colcon.colcon_core.shell:Creating package script '/home/seojun/바탕화면/ros2_ws/install/racing_pkg/share/racing_pkg/package.sh'
[4.216s] INFO:colcon.colcon_core.shell:Creating package script '/home/seojun/바탕화면/ros2_ws/install/racing_pkg/share/racing_pkg/package.bash'
[4.216s] INFO:colcon.colcon_core.shell:Creating package script '/home/seojun/바탕화면/ros2_ws/install/racing_pkg/share/racing_pkg/package.zsh'
[4.216s] Level 1:colcon.colcon_core.environment:create_file_with_runtime_dependencies(/home/seojun/바탕화면/ros2_ws/install/racing_pkg/share/colcon-core/packages/racing_pkg)
[4.217s] Level 1:colcon.colcon_core.environment:create_environment_scripts_only(racing_pkg)
[4.217s] Level 1:colcon.colcon_core.environment:checking '/home/seojun/바탕화면/ros2_ws/install/racing_pkg' for CMake module files
[4.217s] Level 1:colcon.colcon_core.environment:checking '/home/seojun/바탕화면/ros2_ws/install/racing_pkg' for CMake config files
[4.218s] Level 1:colcon.colcon_core.shell:create_environment_hook('racing_pkg', 'cmake_prefix_path')
[4.218s] INFO:colcon.colcon_core.shell:Creating environment hook '/home/seojun/바탕화면/ros2_ws/install/racing_pkg/share/racing_pkg/hook/cmake_prefix_path.ps1'
[4.218s] INFO:colcon.colcon_core.shell:Creating environment descriptor '/home/seojun/바탕화면/ros2_ws/install/racing_pkg/share/racing_pkg/hook/cmake_prefix_path.dsv'
[4.218s] INFO:colcon.colcon_core.shell:Creating environment hook '/home/seojun/바탕화면/ros2_ws/install/racing_pkg/share/racing_pkg/hook/cmake_prefix_path.sh'
[4.219s] Level 1:colcon.colcon_core.environment:checking '/home/seojun/바탕화면/ros2_ws/install/racing_pkg/lib'
[4.219s] Level 1:colcon.colcon_core.environment:checking '/home/seojun/바탕화면/ros2_ws/install/racing_pkg/bin'
[4.219s] Level 1:colcon.colcon_core.environment:checking '/home/seojun/바탕화면/ros2_ws/install/racing_pkg/lib/pkgconfig/racing_pkg.pc'
[4.219s] Level 1:colcon.colcon_core.environment:checking '/home/seojun/바탕화면/ros2_ws/install/racing_pkg/lib/python3.12/site-packages'
[4.219s] Level 1:colcon.colcon_core.environment:checking '/home/seojun/바탕화면/ros2_ws/install/racing_pkg/bin'
[4.220s] INFO:colcon.colcon_core.shell:Creating package script '/home/seojun/바탕화면/ros2_ws/install/racing_pkg/share/racing_pkg/package.ps1'
[4.220s] INFO:colcon.colcon_core.shell:Creating package descriptor '/home/seojun/바탕화면/ros2_ws/install/racing_pkg/share/racing_pkg/package.dsv'
[4.220s] INFO:colcon.colcon_core.shell:Creating package script '/home/seojun/바탕화면/ros2_ws/install/racing_pkg/share/racing_pkg/package.sh'
[4.221s] INFO:colcon.colcon_core.shell:Creating package script '/home/seojun/바탕화면/ros2_ws/install/racing_pkg/share/racing_pkg/package.bash'
[4.221s] INFO:colcon.colcon_core.shell:Creating package script '/home/seojun/바탕화면/ros2_ws/install/racing_pkg/share/racing_pkg/package.zsh'
[4.221s] Level 1:colcon.colcon_core.environment:create_file_with_runtime_dependencies(/home/seojun/바탕화면/ros2_ws/install/racing_pkg/share/colcon-core/packages/racing_pkg)
[4.222s] DEBUG:colcon.colcon_parallel_executor.executor.parallel:closing loop
[4.222s] DEBUG:colcon.colcon_parallel_executor.executor.parallel:loop closed
[4.222s] DEBUG:colcon.colcon_parallel_executor.executor.parallel:run_until_complete finished with '0'
[4.222s] DEBUG:colcon.colcon_core.event_reactor:joining thread
[4.225s] INFO:colcon.colcon_core.plugin_system:Skipping extension 'colcon_notification.desktop_notification.terminal_notifier': Not used on non-Darwin systems
[4.225s] INFO:colcon.colcon_core.plugin_system:Skipping extension 'colcon_notification.desktop_notification.win32': Not used on non-Windows systems
[4.225s] INFO:colcon.colcon_notification.desktop_notification:Sending desktop notification using 'notify2'
[4.241s] DEBUG:colcon.colcon_core.event_reactor:joined thread
[4.241s] INFO:colcon.colcon_core.shell:Creating prefix script '/home/seojun/바탕화면/ros2_ws/install/local_setup.ps1'
[4.242s] INFO:colcon.colcon_core.shell:Creating prefix util module '/home/seojun/바탕화면/ros2_ws/install/_local_setup_util_ps1.py'
[4.243s] INFO:colcon.colcon_core.shell:Creating prefix chain script '/home/seojun/바탕화면/ros2_ws/install/setup.ps1'
[4.244s] INFO:colcon.colcon_core.shell:Creating prefix script '/home/seojun/바탕화면/ros2_ws/install/local_setup.sh'
[4.245s] INFO:colcon.colcon_core.shell:Creating prefix util module '/home/seojun/바탕화면/ros2_ws/install/_local_setup_util_sh.py'
[4.245s] INFO:colcon.colcon_core.shell:Creating prefix chain script '/home/seojun/바탕화면/ros2_ws/install/setup.sh'
[4.246s] INFO:colcon.colcon_core.shell:Creating prefix script '/home/seojun/바탕화면/ros2_ws/install/local_setup.bash'
[4.247s] INFO:colcon.colcon_core.shell:Creating prefix chain script '/home/seojun/바탕화면/ros2_ws/install/setup.bash'
[4.248s] INFO:colcon.colcon_core.shell:Creating prefix script '/home/seojun/바탕화면/ros2_ws/install/local_setup.zsh'
[4.248s] INFO:colcon.colcon_core.shell:Creating prefix chain script '/home/seojun/바탕화면/ros2_ws/install/setup.zsh'
